[0.135s] DEBUG:colcon:Command line arguments: ['/usr/bin/colcon', 'build']
[0.135s] DEBUG:colcon:Parsed command line arguments: Namespace(log_base=None, log_level=None, verb_name='build', build_base='build', install_base='install', merge_install=False, symlink_install=False, test_result_base=None, continue_on_error=False, executor='parallel', parallel_workers=8, event_handlers=None, ignore_user_meta=False, metas=['./colcon.meta'], base_paths=['.'], packages_ignore=None, packages_ignore_regex=None, paths=None, packages_up_to=None, packages_up_to_regex=None, packages_above=None, packages_above_and_dependencies=None, packages_above_depth=None, packages_select_by_dep=None, packages_skip_by_dep=None, packages_skip_up_to=None, packages_select_build_failed=False, packages_skip_build_finished=False, packages_select_test_failures=False, packages_skip_test_passed=False, packages_select=None, packages_skip=None, packages_select_regex=None, packages_skip_regex=None, packages_start=None, packages_end=None, allow_overriding=[], cmake_args=None, cmake_target=None, cmake_target_skip_unavailable=False, cmake_clean_cache=False, cmake_clean_first=False, cmake_force_configure=False, ament_cmake_args=None, catkin_cmake_args=None, catkin_skip_building_tests=False, mixin_files=None, mixin=None, verb_parser=<colcon_mixin.mixin.mixin_argument.MixinArgumentDecorator object at 0x763d667d6050>, verb_extension=<colcon_core.verb.build.BuildVerb object at 0x763d667d5000>, main=<bound method BuildVerb.main of <colcon_core.verb.build.BuildVerb object at 0x763d667d5000>>, mixin_verb=('build',))
[0.382s] Level 1:colcon.colcon_core.package_discovery:discover_packages(colcon_meta) check parameters
[0.382s] Level 1:colcon.colcon_core.package_discovery:discover_packages(recursive) check parameters
[0.382s] Level 1:colcon.colcon_core.package_discovery:discover_packages(ignore) check parameters
[0.382s] Level 1:colcon.colcon_core.package_discovery:discover_packages(path) check parameters
[0.382s] Level 1:colcon.colcon_core.package_discovery:discover_packages(colcon_meta) discover
[0.382s] Level 1:colcon.colcon_core.package_discovery:discover_packages(recursive) discover
[0.382s] INFO:colcon.colcon_core.package_discovery:Crawling recursively for packages in '/home/chaitanya/AnscerBot_ws'
[0.382s] Level 1:colcon.colcon_core.package_identification:_identify(.) by extensions ['ignore', 'ignore_ament_install']
[0.382s] Level 1:colcon.colcon_core.package_identification:_identify(.) by extension 'ignore'
[0.382s] Level 1:colcon.colcon_core.package_identification:_identify(.) by extension 'ignore_ament_install'
[0.382s] Level 1:colcon.colcon_core.package_identification:_identify(.) by extensions ['colcon_pkg']
[0.382s] Level 1:colcon.colcon_core.package_identification:_identify(.) by extension 'colcon_pkg'
[0.382s] Level 1:colcon.colcon_core.package_identification:_identify(.) by extensions ['colcon_meta']
[0.382s] Level 1:colcon.colcon_core.package_identification:_identify(.) by extension 'colcon_meta'
[0.382s] Level 1:colcon.colcon_core.package_identification:_identify(.) by extensions ['ros']
[0.382s] Level 1:colcon.colcon_core.package_identification:_identify(.) by extension 'ros'
[0.393s] Level 1:colcon.colcon_core.package_identification:_identify(.) by extensions ['cmake', 'python']
[0.393s] Level 1:colcon.colcon_core.package_identification:_identify(.) by extension 'cmake'
[0.393s] Level 1:colcon.colcon_core.package_identification:_identify(.) by extension 'python'
[0.393s] Level 1:colcon.colcon_core.package_identification:_identify(.) by extensions ['python_setup_py']
[0.393s] Level 1:colcon.colcon_core.package_identification:_identify(.) by extension 'python_setup_py'
[0.393s] Level 1:colcon.colcon_core.package_identification:_identify(build) by extensions ['ignore', 'ignore_ament_install']
[0.393s] Level 1:colcon.colcon_core.package_identification:_identify(build) by extension 'ignore'
[0.393s] Level 1:colcon.colcon_core.package_identification:_identify(build) ignored
[0.393s] Level 1:colcon.colcon_core.package_identification:_identify(install) by extensions ['ignore', 'ignore_ament_install']
[0.393s] Level 1:colcon.colcon_core.package_identification:_identify(install) by extension 'ignore'
[0.394s] Level 1:colcon.colcon_core.package_identification:_identify(install) ignored
[0.394s] Level 1:colcon.colcon_core.package_identification:_identify(log) by extensions ['ignore', 'ignore_ament_install']
[0.394s] Level 1:colcon.colcon_core.package_identification:_identify(log) by extension 'ignore'
[0.394s] Level 1:colcon.colcon_core.package_identification:_identify(log) ignored
[0.394s] Level 1:colcon.colcon_core.package_identification:_identify(src) by extensions ['ignore', 'ignore_ament_install']
[0.394s] Level 1:colcon.colcon_core.package_identification:_identify(src) by extension 'ignore'
[0.394s] Level 1:colcon.colcon_core.package_identification:_identify(src) by extension 'ignore_ament_install'
[0.394s] Level 1:colcon.colcon_core.package_identification:_identify(src) by extensions ['colcon_pkg']
[0.394s] Level 1:colcon.colcon_core.package_identification:_identify(src) by extension 'colcon_pkg'
[0.394s] Level 1:colcon.colcon_core.package_identification:_identify(src) by extensions ['colcon_meta']
[0.394s] Level 1:colcon.colcon_core.package_identification:_identify(src) by extension 'colcon_meta'
[0.394s] Level 1:colcon.colcon_core.package_identification:_identify(src) by extensions ['ros']
[0.394s] Level 1:colcon.colcon_core.package_identification:_identify(src) by extension 'ros'
[0.394s] Level 1:colcon.colcon_core.package_identification:_identify(src) by extensions ['cmake', 'python']
[0.394s] Level 1:colcon.colcon_core.package_identification:_identify(src) by extension 'cmake'
[0.394s] Level 1:colcon.colcon_core.package_identification:_identify(src) by extension 'python'
[0.394s] Level 1:colcon.colcon_core.package_identification:_identify(src) by extensions ['python_setup_py']
[0.394s] Level 1:colcon.colcon_core.package_identification:_identify(src) by extension 'python_setup_py'
[0.394s] Level 1:colcon.colcon_core.package_identification:_identify(src/anscer_controller) by extensions ['ignore', 'ignore_ament_install']
[0.395s] Level 1:colcon.colcon_core.package_identification:_identify(src/anscer_controller) by extension 'ignore'
[0.395s] Level 1:colcon.colcon_core.package_identification:_identify(src/anscer_controller) by extension 'ignore_ament_install'
[0.395s] Level 1:colcon.colcon_core.package_identification:_identify(src/anscer_controller) by extensions ['colcon_pkg']
[0.395s] Level 1:colcon.colcon_core.package_identification:_identify(src/anscer_controller) by extension 'colcon_pkg'
[0.395s] Level 1:colcon.colcon_core.package_identification:_identify(src/anscer_controller) by extensions ['colcon_meta']
[0.395s] Level 1:colcon.colcon_core.package_identification:_identify(src/anscer_controller) by extension 'colcon_meta'
[0.395s] Level 1:colcon.colcon_core.package_identification:_identify(src/anscer_controller) by extensions ['ros']
[0.395s] Level 1:colcon.colcon_core.package_identification:_identify(src/anscer_controller) by extension 'ros'
[0.397s] DEBUG:colcon.colcon_core.package_identification:Package 'src/anscer_controller' with type 'ros.ament_cmake' and name 'anscer_controller'
[0.397s] Level 1:colcon.colcon_core.package_identification:_identify(src/anscer_description) by extensions ['ignore', 'ignore_ament_install']
[0.397s] Level 1:colcon.colcon_core.package_identification:_identify(src/anscer_description) by extension 'ignore'
[0.397s] Level 1:colcon.colcon_core.package_identification:_identify(src/anscer_description) by extension 'ignore_ament_install'
[0.397s] Level 1:colcon.colcon_core.package_identification:_identify(src/anscer_description) by extensions ['colcon_pkg']
[0.397s] Level 1:colcon.colcon_core.package_identification:_identify(src/anscer_description) by extension 'colcon_pkg'
[0.397s] Level 1:colcon.colcon_core.package_identification:_identify(src/anscer_description) by extensions ['colcon_meta']
[0.397s] Level 1:colcon.colcon_core.package_identification:_identify(src/anscer_description) by extension 'colcon_meta'
[0.397s] Level 1:colcon.colcon_core.package_identification:_identify(src/anscer_description) by extensions ['ros']
[0.397s] Level 1:colcon.colcon_core.package_identification:_identify(src/anscer_description) by extension 'ros'
[0.399s] DEBUG:colcon.colcon_core.package_identification:Package 'src/anscer_description' with type 'ros.ament_cmake' and name 'anscer_description'
[0.400s] Level 1:colcon.colcon_core.package_discovery:discover_packages(recursive) using defaults
[0.400s] Level 1:colcon.colcon_core.package_discovery:discover_packages(ignore) discover
[0.400s] Level 1:colcon.colcon_core.package_discovery:discover_packages(ignore) using defaults
[0.400s] Level 1:colcon.colcon_core.package_discovery:discover_packages(path) discover
[0.400s] Level 1:colcon.colcon_core.package_discovery:discover_packages(path) using defaults
[0.423s] Level 1:colcon.colcon_core.package_discovery:discover_packages(prefix_path) check parameters
[0.423s] Level 1:colcon.colcon_core.package_discovery:discover_packages(prefix_path) discover
[0.439s] DEBUG:colcon.colcon_installed_package_information.package_discovery:Found 2 installed packages in /home/chaitanya/AnscerBot_ws/install
[0.440s] DEBUG:colcon.colcon_installed_package_information.package_discovery:Found 5 installed packages in /home/chaitanya/oxts_ws/install
[0.440s] DEBUG:colcon.colcon_installed_package_information.package_discovery:Found 12 installed packages in /home/chaitanya/osm_ws/install
[0.441s] DEBUG:colcon.colcon_installed_package_information.package_discovery:Found 11 installed packages in /home/chaitanya/lanelet2_ws/install
[0.450s] DEBUG:colcon.colcon_installed_package_information.package_discovery:Found 370 installed packages in /home/chaitanya/autoware/install
[0.453s] DEBUG:colcon.colcon_installed_package_information.package_discovery:Found 1 installed packages in /ros2_ws/install
[0.454s] DEBUG:colcon.colcon_installed_package_information.package_discovery:Found 452 installed packages in /opt/ros/humble
[0.458s] Level 1:colcon.colcon_core.package_discovery:discover_packages(prefix_path) using defaults
[0.545s] Level 5:colcon.colcon_core.verb:set package 'anscer_controller' build argument 'cmake_args' from command line to 'None'
[0.545s] Level 5:colcon.colcon_core.verb:set package 'anscer_controller' build argument 'cmake_target' from command line to 'None'
[0.545s] Level 5:colcon.colcon_core.verb:set package 'anscer_controller' build argument 'cmake_target_skip_unavailable' from command line to 'False'
[0.545s] Level 5:colcon.colcon_core.verb:set package 'anscer_controller' build argument 'cmake_clean_cache' from command line to 'False'
[0.545s] Level 5:colcon.colcon_core.verb:set package 'anscer_controller' build argument 'cmake_clean_first' from command line to 'False'
[0.545s] Level 5:colcon.colcon_core.verb:set package 'anscer_controller' build argument 'cmake_force_configure' from command line to 'False'
[0.545s] Level 5:colcon.colcon_core.verb:set package 'anscer_controller' build argument 'ament_cmake_args' from command line to 'None'
[0.545s] Level 5:colcon.colcon_core.verb:set package 'anscer_controller' build argument 'catkin_cmake_args' from command line to 'None'
[0.545s] Level 5:colcon.colcon_core.verb:set package 'anscer_controller' build argument 'catkin_skip_building_tests' from command line to 'False'
[0.545s] DEBUG:colcon.colcon_core.verb:Building package 'anscer_controller' with the following arguments: {'ament_cmake_args': None, 'build_base': '/home/chaitanya/AnscerBot_ws/build/anscer_controller', 'catkin_cmake_args': None, 'catkin_skip_building_tests': False, 'cmake_args': None, 'cmake_clean_cache': False, 'cmake_clean_first': False, 'cmake_force_configure': False, 'cmake_target': None, 'cmake_target_skip_unavailable': False, 'install_base': '/home/chaitanya/AnscerBot_ws/install/anscer_controller', 'merge_install': False, 'path': '/home/chaitanya/AnscerBot_ws/src/anscer_controller', 'symlink_install': False, 'test_result_base': None}
[0.545s] Level 5:colcon.colcon_core.verb:set package 'anscer_description' build argument 'cmake_args' from command line to 'None'
[0.545s] Level 5:colcon.colcon_core.verb:set package 'anscer_description' build argument 'cmake_target' from command line to 'None'
[0.545s] Level 5:colcon.colcon_core.verb:set package 'anscer_description' build argument 'cmake_target_skip_unavailable' from command line to 'False'
[0.545s] Level 5:colcon.colcon_core.verb:set package 'anscer_description' build argument 'cmake_clean_cache' from command line to 'False'
[0.545s] Level 5:colcon.colcon_core.verb:set package 'anscer_description' build argument 'cmake_clean_first' from command line to 'False'
[0.545s] Level 5:colcon.colcon_core.verb:set package 'anscer_description' build argument 'cmake_force_configure' from command line to 'False'
[0.545s] Level 5:colcon.colcon_core.verb:set package 'anscer_description' build argument 'ament_cmake_args' from command line to 'None'
[0.545s] Level 5:colcon.colcon_core.verb:set package 'anscer_description' build argument 'catkin_cmake_args' from command line to 'None'
[0.546s] Level 5:colcon.colcon_core.verb:set package 'anscer_description' build argument 'catkin_skip_building_tests' from command line to 'False'
[0.546s] DEBUG:colcon.colcon_core.verb:Building package 'anscer_description' with the following arguments: {'ament_cmake_args': None, 'build_base': '/home/chaitanya/AnscerBot_ws/build/anscer_description', 'catkin_cmake_args': None, 'catkin_skip_building_tests': False, 'cmake_args': None, 'cmake_clean_cache': False, 'cmake_clean_first': False, 'cmake_force_configure': False, 'cmake_target': None, 'cmake_target_skip_unavailable': False, 'install_base': '/home/chaitanya/AnscerBot_ws/install/anscer_description', 'merge_install': False, 'path': '/home/chaitanya/AnscerBot_ws/src/anscer_description', 'symlink_install': False, 'test_result_base': None}
[0.546s] INFO:colcon.colcon_core.executor:Executing jobs using 'parallel' executor
[0.547s] DEBUG:colcon.colcon_parallel_executor.executor.parallel:run_until_complete
[0.547s] INFO:colcon.colcon_ros.task.ament_cmake.build:Building ROS package in '/home/chaitanya/AnscerBot_ws/src/anscer_controller' with build type 'ament_cmake'
[0.547s] INFO:colcon.colcon_cmake.task.cmake.build:Building CMake package in '/home/chaitanya/AnscerBot_ws/src/anscer_controller'
[0.550s] INFO:colcon.colcon_core.plugin_system:Skipping extension 'colcon_core.shell.bat': Not used on non-Windows systems
[0.550s] INFO:colcon.colcon_core.shell:Skip shell extension 'powershell' for command environment: Not usable outside of PowerShell
[0.550s] DEBUG:colcon.colcon_core.shell:Skip shell extension 'dsv' for command environment
[0.581s] INFO:colcon.colcon_ros.task.ament_cmake.build:Building ROS package in '/home/chaitanya/AnscerBot_ws/src/anscer_description' with build type 'ament_cmake'
[0.582s] INFO:colcon.colcon_cmake.task.cmake.build:Building CMake package in '/home/chaitanya/AnscerBot_ws/src/anscer_description'
[0.582s] INFO:colcon.colcon_core.shell:Skip shell extension 'powershell' for command environment: Not usable outside of PowerShell
[0.582s] DEBUG:colcon.colcon_core.shell:Skip shell extension 'dsv' for command environment
[0.628s] DEBUG:colcon.colcon_core.event_handler.log_command:Invoking command in '/home/chaitanya/AnscerBot_ws/build/anscer_controller': CMAKE_PREFIX_PATH=${CMAKE_PREFIX_PATH}:/home/chaitanya/autoware/install/autoware_carla_interface:/home/chaitanya/autoware/install/ad_api_visualizers:/ros2_ws/install/my_py_pkg:/opt/ros/humble /usr/bin/cmake --build /home/chaitanya/AnscerBot_ws/build/anscer_controller -- -j8 -l8
[0.643s] DEBUG:colcon.colcon_core.event_handler.log_command:Invoking command in '/home/chaitanya/AnscerBot_ws/build/anscer_description': CMAKE_PREFIX_PATH=${CMAKE_PREFIX_PATH}:/home/chaitanya/autoware/install/autoware_carla_interface:/home/chaitanya/autoware/install/ad_api_visualizers:/ros2_ws/install/my_py_pkg:/opt/ros/humble /usr/bin/cmake --build /home/chaitanya/AnscerBot_ws/build/anscer_description -- -j8 -l8
[0.810s] DEBUG:colcon.colcon_core.event_handler.log_command:Invoked command in '/home/chaitanya/AnscerBot_ws/build/anscer_controller' returned '0': CMAKE_PREFIX_PATH=${CMAKE_PREFIX_PATH}:/home/chaitanya/autoware/install/autoware_carla_interface:/home/chaitanya/autoware/install/ad_api_visualizers:/ros2_ws/install/my_py_pkg:/opt/ros/humble /usr/bin/cmake --build /home/chaitanya/AnscerBot_ws/build/anscer_controller -- -j8 -l8
[0.849s] DEBUG:colcon.colcon_core.event_handler.log_command:Invoking command in '/home/chaitanya/AnscerBot_ws/build/anscer_controller': CMAKE_PREFIX_PATH=${CMAKE_PREFIX_PATH}:/home/chaitanya/autoware/install/autoware_carla_interface:/home/chaitanya/autoware/install/ad_api_visualizers:/ros2_ws/install/my_py_pkg:/opt/ros/humble /usr/bin/cmake --install /home/chaitanya/AnscerBot_ws/build/anscer_controller
[0.851s] DEBUG:colcon.colcon_core.event_handler.log_command:Invoked command in '/home/chaitanya/AnscerBot_ws/build/anscer_description' returned '0': CMAKE_PREFIX_PATH=${CMAKE_PREFIX_PATH}:/home/chaitanya/autoware/install/autoware_carla_interface:/home/chaitanya/autoware/install/ad_api_visualizers:/ros2_ws/install/my_py_pkg:/opt/ros/humble /usr/bin/cmake --build /home/chaitanya/AnscerBot_ws/build/anscer_description -- -j8 -l8
[0.853s] DEBUG:colcon.colcon_core.event_handler.log_command:Invoking command in '/home/chaitanya/AnscerBot_ws/build/anscer_description': CMAKE_PREFIX_PATH=${CMAKE_PREFIX_PATH}:/home/chaitanya/autoware/install/autoware_carla_interface:/home/chaitanya/autoware/install/ad_api_visualizers:/ros2_ws/install/my_py_pkg:/opt/ros/humble /usr/bin/cmake --install /home/chaitanya/AnscerBot_ws/build/anscer_description
[0.891s] Level 1:colcon.colcon_core.environment:create_environment_scripts_only(anscer_controller)
[0.892s] DEBUG:colcon.colcon_core.event_handler.log_command:Invoked command in '/home/chaitanya/AnscerBot_ws/build/anscer_controller' returned '0': CMAKE_PREFIX_PATH=${CMAKE_PREFIX_PATH}:/home/chaitanya/autoware/install/autoware_carla_interface:/home/chaitanya/autoware/install/ad_api_visualizers:/ros2_ws/install/my_py_pkg:/opt/ros/humble /usr/bin/cmake --install /home/chaitanya/AnscerBot_ws/build/anscer_controller
[0.895s] Level 1:colcon.colcon_core.environment:checking '/home/chaitanya/AnscerBot_ws/install/anscer_controller' for CMake module files
[0.895s] Level 1:colcon.colcon_core.environment:checking '/home/chaitanya/AnscerBot_ws/install/anscer_controller' for CMake config files
[0.896s] Level 1:colcon.colcon_core.shell:create_environment_hook('anscer_controller', 'cmake_prefix_path')
[0.896s] INFO:colcon.colcon_core.shell:Creating environment hook '/home/chaitanya/AnscerBot_ws/install/anscer_controller/share/anscer_controller/hook/cmake_prefix_path.ps1'
[0.897s] INFO:colcon.colcon_core.shell:Creating environment descriptor '/home/chaitanya/AnscerBot_ws/install/anscer_controller/share/anscer_controller/hook/cmake_prefix_path.dsv'
[0.898s] INFO:colcon.colcon_core.shell:Creating environment hook '/home/chaitanya/AnscerBot_ws/install/anscer_controller/share/anscer_controller/hook/cmake_prefix_path.sh'
[0.899s] Level 1:colcon.colcon_core.environment:checking '/home/chaitanya/AnscerBot_ws/install/anscer_controller/bin'
[0.899s] Level 1:colcon.colcon_core.environment:checking '/home/chaitanya/AnscerBot_ws/install/anscer_controller/lib/pkgconfig/anscer_controller.pc'
[0.900s] Level 1:colcon.colcon_core.environment:checking '/home/chaitanya/AnscerBot_ws/install/anscer_controller/lib/python3.10/site-packages'
[0.900s] Level 1:colcon.colcon_core.environment:checking '/home/chaitanya/AnscerBot_ws/install/anscer_controller/bin'
[0.900s] INFO:colcon.colcon_core.shell:Creating package script '/home/chaitanya/AnscerBot_ws/install/anscer_controller/share/anscer_controller/package.ps1'
[0.901s] INFO:colcon.colcon_core.shell:Creating package descriptor '/home/chaitanya/AnscerBot_ws/install/anscer_controller/share/anscer_controller/package.dsv'
[0.903s] INFO:colcon.colcon_core.shell:Creating package script '/home/chaitanya/AnscerBot_ws/install/anscer_controller/share/anscer_controller/package.sh'
[0.904s] INFO:colcon.colcon_core.shell:Creating package script '/home/chaitanya/AnscerBot_ws/install/anscer_controller/share/anscer_controller/package.bash'
[0.905s] INFO:colcon.colcon_core.shell:Creating package script '/home/chaitanya/AnscerBot_ws/install/anscer_controller/share/anscer_controller/package.zsh'
[0.906s] Level 1:colcon.colcon_core.environment:create_file_with_runtime_dependencies(/home/chaitanya/AnscerBot_ws/install/anscer_controller/share/colcon-core/packages/anscer_controller)
[0.907s] Level 1:colcon.colcon_core.environment:create_environment_scripts_only(anscer_controller)
[0.908s] Level 1:colcon.colcon_core.environment:checking '/home/chaitanya/AnscerBot_ws/install/anscer_controller' for CMake module files
[0.909s] Level 1:colcon.colcon_core.environment:checking '/home/chaitanya/AnscerBot_ws/install/anscer_controller' for CMake config files
[0.912s] Level 1:colcon.colcon_core.shell:create_environment_hook('anscer_controller', 'cmake_prefix_path')
[0.912s] INFO:colcon.colcon_core.shell:Creating environment hook '/home/chaitanya/AnscerBot_ws/install/anscer_controller/share/anscer_controller/hook/cmake_prefix_path.ps1'
[0.913s] INFO:colcon.colcon_core.shell:Creating environment descriptor '/home/chaitanya/AnscerBot_ws/install/anscer_controller/share/anscer_controller/hook/cmake_prefix_path.dsv'
[0.914s] INFO:colcon.colcon_core.shell:Creating environment hook '/home/chaitanya/AnscerBot_ws/install/anscer_controller/share/anscer_controller/hook/cmake_prefix_path.sh'
[0.915s] Level 1:colcon.colcon_core.environment:checking '/home/chaitanya/AnscerBot_ws/install/anscer_controller/bin'
[0.916s] Level 1:colcon.colcon_core.environment:checking '/home/chaitanya/AnscerBot_ws/install/anscer_controller/lib/pkgconfig/anscer_controller.pc'
[0.916s] Level 1:colcon.colcon_core.environment:checking '/home/chaitanya/AnscerBot_ws/install/anscer_controller/lib/python3.10/site-packages'
[0.916s] Level 1:colcon.colcon_core.environment:checking '/home/chaitanya/AnscerBot_ws/install/anscer_controller/bin'
[0.916s] INFO:colcon.colcon_core.shell:Creating package script '/home/chaitanya/AnscerBot_ws/install/anscer_controller/share/anscer_controller/package.ps1'
[0.917s] INFO:colcon.colcon_core.shell:Creating package descriptor '/home/chaitanya/AnscerBot_ws/install/anscer_controller/share/anscer_controller/package.dsv'
[0.918s] INFO:colcon.colcon_core.shell:Creating package script '/home/chaitanya/AnscerBot_ws/install/anscer_controller/share/anscer_controller/package.sh'
[0.919s] INFO:colcon.colcon_core.shell:Creating package script '/home/chaitanya/AnscerBot_ws/install/anscer_controller/share/anscer_controller/package.bash'
[0.920s] INFO:colcon.colcon_core.shell:Creating package script '/home/chaitanya/AnscerBot_ws/install/anscer_controller/share/anscer_controller/package.zsh'
[0.921s] Level 1:colcon.colcon_core.environment:create_file_with_runtime_dependencies(/home/chaitanya/AnscerBot_ws/install/anscer_controller/share/colcon-core/packages/anscer_controller)
[0.930s] Level 1:colcon.colcon_core.environment:create_environment_scripts_only(anscer_description)
[0.930s] Level 1:colcon.colcon_core.environment:checking '/home/chaitanya/AnscerBot_ws/install/anscer_description' for CMake module files
[0.932s] Level 1:colcon.colcon_core.environment:checking '/home/chaitanya/AnscerBot_ws/install/anscer_description' for CMake config files
[0.973s] DEBUG:colcon.colcon_core.event_handler.log_command:Invoked command in '/home/chaitanya/AnscerBot_ws/build/anscer_description' returned '0': CMAKE_PREFIX_PATH=${CMAKE_PREFIX_PATH}:/home/chaitanya/autoware/install/autoware_carla_interface:/home/chaitanya/autoware/install/ad_api_visualizers:/ros2_ws/install/my_py_pkg:/opt/ros/humble /usr/bin/cmake --install /home/chaitanya/AnscerBot_ws/build/anscer_description
[0.978s] Level 1:colcon.colcon_core.shell:create_environment_hook('anscer_description', 'cmake_prefix_path')
[0.978s] INFO:colcon.colcon_core.shell:Creating environment hook '/home/chaitanya/AnscerBot_ws/install/anscer_description/share/anscer_description/hook/cmake_prefix_path.ps1'
[0.979s] INFO:colcon.colcon_core.shell:Creating environment descriptor '/home/chaitanya/AnscerBot_ws/install/anscer_description/share/anscer_description/hook/cmake_prefix_path.dsv'
[0.979s] INFO:colcon.colcon_core.shell:Creating environment hook '/home/chaitanya/AnscerBot_ws/install/anscer_description/share/anscer_description/hook/cmake_prefix_path.sh'
[0.980s] Level 1:colcon.colcon_core.environment:checking '/home/chaitanya/AnscerBot_ws/install/anscer_description/bin'
[0.980s] Level 1:colcon.colcon_core.environment:checking '/home/chaitanya/AnscerBot_ws/install/anscer_description/lib/pkgconfig/anscer_description.pc'
[0.980s] Level 1:colcon.colcon_core.environment:checking '/home/chaitanya/AnscerBot_ws/install/anscer_description/lib/python3.10/site-packages'
[0.981s] Level 1:colcon.colcon_core.environment:checking '/home/chaitanya/AnscerBot_ws/install/anscer_description/bin'
[0.981s] INFO:colcon.colcon_core.shell:Creating package script '/home/chaitanya/AnscerBot_ws/install/anscer_description/share/anscer_description/package.ps1'
[0.981s] INFO:colcon.colcon_core.shell:Creating package descriptor '/home/chaitanya/AnscerBot_ws/install/anscer_description/share/anscer_description/package.dsv'
[0.982s] INFO:colcon.colcon_core.shell:Creating package script '/home/chaitanya/AnscerBot_ws/install/anscer_description/share/anscer_description/package.sh'
[0.982s] INFO:colcon.colcon_core.shell:Creating package script '/home/chaitanya/AnscerBot_ws/install/anscer_description/share/anscer_description/package.bash'
[0.982s] INFO:colcon.colcon_core.shell:Creating package script '/home/chaitanya/AnscerBot_ws/install/anscer_description/share/anscer_description/package.zsh'
[0.983s] Level 1:colcon.colcon_core.environment:create_file_with_runtime_dependencies(/home/chaitanya/AnscerBot_ws/install/anscer_description/share/colcon-core/packages/anscer_description)
[0.983s] Level 1:colcon.colcon_core.environment:create_environment_scripts_only(anscer_description)
[0.984s] Level 1:colcon.colcon_core.environment:checking '/home/chaitanya/AnscerBot_ws/install/anscer_description' for CMake module files
[0.984s] Level 1:colcon.colcon_core.environment:checking '/home/chaitanya/AnscerBot_ws/install/anscer_description' for CMake config files
[0.989s] Level 1:colcon.colcon_core.shell:create_environment_hook('anscer_description', 'cmake_prefix_path')
[0.990s] INFO:colcon.colcon_core.shell:Creating environment hook '/home/chaitanya/AnscerBot_ws/install/anscer_description/share/anscer_description/hook/cmake_prefix_path.ps1'
[0.990s] INFO:colcon.colcon_core.shell:Creating environment descriptor '/home/chaitanya/AnscerBot_ws/install/anscer_description/share/anscer_description/hook/cmake_prefix_path.dsv'
[0.990s] INFO:colcon.colcon_core.shell:Creating environment hook '/home/chaitanya/AnscerBot_ws/install/anscer_description/share/anscer_description/hook/cmake_prefix_path.sh'
[0.991s] Level 1:colcon.colcon_core.environment:checking '/home/chaitanya/AnscerBot_ws/install/anscer_description/bin'
[0.991s] Level 1:colcon.colcon_core.environment:checking '/home/chaitanya/AnscerBot_ws/install/anscer_description/lib/pkgconfig/anscer_description.pc'
[0.991s] Level 1:colcon.colcon_core.environment:checking '/home/chaitanya/AnscerBot_ws/install/anscer_description/lib/python3.10/site-packages'
[0.991s] Level 1:colcon.colcon_core.environment:checking '/home/chaitanya/AnscerBot_ws/install/anscer_description/bin'
[0.992s] INFO:colcon.colcon_core.shell:Creating package script '/home/chaitanya/AnscerBot_ws/install/anscer_description/share/anscer_description/package.ps1'
[0.992s] INFO:colcon.colcon_core.shell:Creating package descriptor '/home/chaitanya/AnscerBot_ws/install/anscer_description/share/anscer_description/package.dsv'
[0.993s] INFO:colcon.colcon_core.shell:Creating package script '/home/chaitanya/AnscerBot_ws/install/anscer_description/share/anscer_description/package.sh'
[0.993s] INFO:colcon.colcon_core.shell:Creating package script '/home/chaitanya/AnscerBot_ws/install/anscer_description/share/anscer_description/package.bash'
[0.993s] INFO:colcon.colcon_core.shell:Creating package script '/home/chaitanya/AnscerBot_ws/install/anscer_description/share/anscer_description/package.zsh'
[0.994s] Level 1:colcon.colcon_core.environment:create_file_with_runtime_dependencies(/home/chaitanya/AnscerBot_ws/install/anscer_description/share/colcon-core/packages/anscer_description)
[0.994s] DEBUG:colcon.colcon_parallel_executor.executor.parallel:closing loop
[0.994s] DEBUG:colcon.colcon_parallel_executor.executor.parallel:loop closed
[0.995s] DEBUG:colcon.colcon_parallel_executor.executor.parallel:run_until_complete finished with '0'
[0.995s] DEBUG:colcon.colcon_core.event_reactor:joining thread
[1.007s] INFO:colcon.colcon_core.plugin_system:Skipping extension 'colcon_notification.desktop_notification.terminal_notifier': Not used on non-Darwin systems
[1.007s] INFO:colcon.colcon_core.plugin_system:Skipping extension 'colcon_notification.desktop_notification.win32': Not used on non-Windows systems
[1.007s] INFO:colcon.colcon_notification.desktop_notification:Sending desktop notification using 'notify2'
[1.022s] DEBUG:colcon.colcon_core.event_reactor:joined thread
[1.023s] INFO:colcon.colcon_core.shell:Creating prefix script '/home/chaitanya/AnscerBot_ws/install/local_setup.ps1'
[1.024s] INFO:colcon.colcon_core.shell:Creating prefix util module '/home/chaitanya/AnscerBot_ws/install/_local_setup_util_ps1.py'
[1.025s] INFO:colcon.colcon_core.shell:Creating prefix chain script '/home/chaitanya/AnscerBot_ws/install/setup.ps1'
[1.044s] INFO:colcon.colcon_core.shell:Creating prefix script '/home/chaitanya/AnscerBot_ws/install/local_setup.sh'
[1.045s] INFO:colcon.colcon_core.shell:Creating prefix util module '/home/chaitanya/AnscerBot_ws/install/_local_setup_util_sh.py'
[1.045s] INFO:colcon.colcon_core.shell:Creating prefix chain script '/home/chaitanya/AnscerBot_ws/install/setup.sh'
[1.063s] INFO:colcon.colcon_core.shell:Creating prefix script '/home/chaitanya/AnscerBot_ws/install/local_setup.bash'
[1.063s] INFO:colcon.colcon_core.shell:Creating prefix chain script '/home/chaitanya/AnscerBot_ws/install/setup.bash'
[1.079s] INFO:colcon.colcon_core.shell:Creating prefix script '/home/chaitanya/AnscerBot_ws/install/local_setup.zsh'
[1.080s] INFO:colcon.colcon_core.shell:Creating prefix chain script '/home/chaitanya/AnscerBot_ws/install/setup.zsh'
