[0.117s] Invoking command in '/home/chaitanya/AnscerBot_ws/build/anscer_bringup': CMAKE_PREFIX_PATH=${CMAKE_PREFIX_PATH}:/home/chaitanya/autoware/install/autoware_carla_interface:/home/chaitanya/autoware/install/ad_api_visualizers:/ros2_ws/install/my_py_pkg:/opt/ros/humble /usr/bin/cmake /home/chaitanya/AnscerBot_ws/anscer_bringup -DCMAKE_INSTALL_PREFIX=/home/chaitanya/AnscerBot_ws/install/anscer_bringup
[0.412s] -- The C compiler identification is GNU 11.4.0
[0.556s] -- The CXX compiler identification is GNU 11.4.0
[0.582s] -- Detecting C compiler ABI info
[0.828s] -- Detecting C compiler ABI info - done
[0.838s] -- Check for working C compiler: /usr/bin/cc - skipped
[0.839s] -- Detecting C compile features
[0.839s] -- Detecting C compile features - done
[0.844s] -- Detecting CXX compiler ABI info
[1.127s] -- Detecting CXX compiler ABI info - done
[1.136s] -- Check for working CXX compiler: /usr/bin/c++ - skipped
[1.136s] -- Detecting CXX compile features
[1.137s] -- Detecting CXX compile features - done
[1.173s] -- Found ament_cmake: 1.3.7 (/home/chaitanya/autoware/install/ament_cmake/share/ament_cmake/cmake)
[1.656s] -- Found Python3: /usr/bin/python3.10 (found version "3.10.12") found components: Interpreter 
[2.335s] -- Found ament_lint_auto: 0.12.12 (/opt/ros/humble/share/ament_lint_auto/cmake)
[2.713s] -- Added test 'lint_cmake' to check CMake code style
[2.721s] -- Added test 'xmllint' to check XML markup files
[2.737s] -- Configuring done
[2.740s] -- Generating done
[2.741s] -- Build files have been written to: /home/chaitanya/AnscerBot_ws/build/anscer_bringup
[2.746s] Invoked command in '/home/chaitanya/AnscerBot_ws/build/anscer_bringup' returned '0': CMAKE_PREFIX_PATH=${CMAKE_PREFIX_PATH}:/home/chaitanya/autoware/install/autoware_carla_interface:/home/chaitanya/autoware/install/ad_api_visualizers:/ros2_ws/install/my_py_pkg:/opt/ros/humble /usr/bin/cmake /home/chaitanya/AnscerBot_ws/anscer_bringup -DCMAKE_INSTALL_PREFIX=/home/chaitanya/AnscerBot_ws/install/anscer_bringup
[2.747s] Invoking command in '/home/chaitanya/AnscerBot_ws/build/anscer_bringup': CMAKE_PREFIX_PATH=${CMAKE_PREFIX_PATH}:/home/chaitanya/autoware/install/autoware_carla_interface:/home/chaitanya/autoware/install/ad_api_visualizers:/ros2_ws/install/my_py_pkg:/opt/ros/humble /usr/bin/cmake --build /home/chaitanya/AnscerBot_ws/build/anscer_bringup -- -j8 -l8
[2.907s] Invoked command in '/home/chaitanya/AnscerBot_ws/build/anscer_bringup' returned '0': CMAKE_PREFIX_PATH=${CMAKE_PREFIX_PATH}:/home/chaitanya/autoware/install/autoware_carla_interface:/home/chaitanya/autoware/install/ad_api_visualizers:/ros2_ws/install/my_py_pkg:/opt/ros/humble /usr/bin/cmake --build /home/chaitanya/AnscerBot_ws/build/anscer_bringup -- -j8 -l8
[2.909s] Invoking command in '/home/chaitanya/AnscerBot_ws/build/anscer_bringup': CMAKE_PREFIX_PATH=${CMAKE_PREFIX_PATH}:/home/chaitanya/autoware/install/autoware_carla_interface:/home/chaitanya/autoware/install/ad_api_visualizers:/ros2_ws/install/my_py_pkg:/opt/ros/humble /usr/bin/cmake --install /home/chaitanya/AnscerBot_ws/build/anscer_bringup
[2.942s] -- Install configuration: ""
[2.943s] -- Installing: /home/chaitanya/AnscerBot_ws/install/anscer_bringup/share/ament_index/resource_index/package_run_dependencies/anscer_bringup
[2.943s] -- Installing: /home/chaitanya/AnscerBot_ws/install/anscer_bringup/share/ament_index/resource_index/parent_prefix_path/anscer_bringup
[2.943s] -- Installing: /home/chaitanya/AnscerBot_ws/install/anscer_bringup/share/anscer_bringup/environment/ament_prefix_path.sh
[2.943s] -- Installing: /home/chaitanya/AnscerBot_ws/install/anscer_bringup/share/anscer_bringup/environment/ament_prefix_path.dsv
[2.943s] -- Installing: /home/chaitanya/AnscerBot_ws/install/anscer_bringup/share/anscer_bringup/environment/path.sh
[2.943s] -- Installing: /home/chaitanya/AnscerBot_ws/install/anscer_bringup/share/anscer_bringup/environment/path.dsv
[2.943s] -- Installing: /home/chaitanya/AnscerBot_ws/install/anscer_bringup/share/anscer_bringup/local_setup.bash
[2.943s] -- Installing: /home/chaitanya/AnscerBot_ws/install/anscer_bringup/share/anscer_bringup/local_setup.sh
[2.944s] -- Installing: /home/chaitanya/AnscerBot_ws/install/anscer_bringup/share/anscer_bringup/local_setup.zsh
[2.944s] -- Installing: /home/chaitanya/AnscerBot_ws/install/anscer_bringup/share/anscer_bringup/local_setup.dsv
[2.944s] -- Installing: /home/chaitanya/AnscerBot_ws/install/anscer_bringup/share/anscer_bringup/package.dsv
[2.944s] -- Installing: /home/chaitanya/AnscerBot_ws/install/anscer_bringup/share/ament_index/resource_index/packages/anscer_bringup
[2.944s] -- Installing: /home/chaitanya/AnscerBot_ws/install/anscer_bringup/share/anscer_bringup/cmake/anscer_bringupConfig.cmake
[2.944s] -- Installing: /home/chaitanya/AnscerBot_ws/install/anscer_bringup/share/anscer_bringup/cmake/anscer_bringupConfig-version.cmake
[2.944s] -- Installing: /home/chaitanya/AnscerBot_ws/install/anscer_bringup/share/anscer_bringup/package.xml
[2.947s] Invoked command in '/home/chaitanya/AnscerBot_ws/build/anscer_bringup' returned '0': CMAKE_PREFIX_PATH=${CMAKE_PREFIX_PATH}:/home/chaitanya/autoware/install/autoware_carla_interface:/home/chaitanya/autoware/install/ad_api_visualizers:/ros2_ws/install/my_py_pkg:/opt/ros/humble /usr/bin/cmake --install /home/chaitanya/AnscerBot_ws/build/anscer_bringup
