[0.158s] DEBUG:colcon:Command line arguments: ['/usr/bin/colcon', 'build']
[0.158s] DEBUG:colcon:Parsed command line arguments: Namespace(log_base=None, log_level=None, verb_name='build', build_base='build', install_base='install', merge_install=False, symlink_install=False, test_result_base=None, continue_on_error=False, executor='parallel', parallel_workers=8, event_handlers=None, ignore_user_meta=False, metas=['./colcon.meta'], base_paths=['.'], packages_ignore=None, packages_ignore_regex=None, paths=None, packages_up_to=None, packages_up_to_regex=None, packages_above=None, packages_above_and_dependencies=None, packages_above_depth=None, packages_select_by_dep=None, packages_skip_by_dep=None, packages_skip_up_to=None, packages_select_build_failed=False, packages_skip_build_finished=False, packages_select_test_failures=False, packages_skip_test_passed=False, packages_select=None, packages_skip=None, packages_select_regex=None, packages_skip_regex=None, packages_start=None, packages_end=None, allow_overriding=[], cmake_args=None, cmake_target=None, cmake_target_skip_unavailable=False, cmake_clean_cache=False, cmake_clean_first=False, cmake_force_configure=False, ament_cmake_args=None, catkin_cmake_args=None, catkin_skip_building_tests=False, mixin_files=None, mixin=None, verb_parser=<colcon_mixin.mixin.mixin_argument.MixinArgumentDecorator object at 0x7d84bc6ee050>, verb_extension=<colcon_core.verb.build.BuildVerb object at 0x7d84bc6ed000>, main=<bound method BuildVerb.main of <colcon_core.verb.build.BuildVerb object at 0x7d84bc6ed000>>, mixin_verb=('build',))
[0.413s] Level 1:colcon.colcon_core.package_discovery:discover_packages(colcon_meta) check parameters
[0.413s] Level 1:colcon.colcon_core.package_discovery:discover_packages(recursive) check parameters
[0.413s] Level 1:colcon.colcon_core.package_discovery:discover_packages(ignore) check parameters
[0.413s] Level 1:colcon.colcon_core.package_discovery:discover_packages(path) check parameters
[0.413s] Level 1:colcon.colcon_core.package_discovery:discover_packages(colcon_meta) discover
[0.413s] Level 1:colcon.colcon_core.package_discovery:discover_packages(recursive) discover
[0.413s] INFO:colcon.colcon_core.package_discovery:Crawling recursively for packages in '/home/chaitanya/AnscerBot_ws'
[0.414s] Level 1:colcon.colcon_core.package_identification:_identify(.) by extensions ['ignore', 'ignore_ament_install']
[0.414s] Level 1:colcon.colcon_core.package_identification:_identify(.) by extension 'ignore'
[0.414s] Level 1:colcon.colcon_core.package_identification:_identify(.) by extension 'ignore_ament_install'
[0.414s] Level 1:colcon.colcon_core.package_identification:_identify(.) by extensions ['colcon_pkg']
[0.414s] Level 1:colcon.colcon_core.package_identification:_identify(.) by extension 'colcon_pkg'
[0.414s] Level 1:colcon.colcon_core.package_identification:_identify(.) by extensions ['colcon_meta']
[0.414s] Level 1:colcon.colcon_core.package_identification:_identify(.) by extension 'colcon_meta'
[0.414s] Level 1:colcon.colcon_core.package_identification:_identify(.) by extensions ['ros']
[0.414s] Level 1:colcon.colcon_core.package_identification:_identify(.) by extension 'ros'
[0.425s] Level 1:colcon.colcon_core.package_identification:_identify(.) by extensions ['cmake', 'python']
[0.426s] Level 1:colcon.colcon_core.package_identification:_identify(.) by extension 'cmake'
[0.426s] Level 1:colcon.colcon_core.package_identification:_identify(.) by extension 'python'
[0.426s] Level 1:colcon.colcon_core.package_identification:_identify(.) by extensions ['python_setup_py']
[0.426s] Level 1:colcon.colcon_core.package_identification:_identify(.) by extension 'python_setup_py'
[0.426s] Level 1:colcon.colcon_core.package_identification:_identify(anscer_bringup) by extensions ['ignore', 'ignore_ament_install']
[0.426s] Level 1:colcon.colcon_core.package_identification:_identify(anscer_bringup) by extension 'ignore'
[0.426s] Level 1:colcon.colcon_core.package_identification:_identify(anscer_bringup) by extension 'ignore_ament_install'
[0.426s] Level 1:colcon.colcon_core.package_identification:_identify(anscer_bringup) by extensions ['colcon_pkg']
[0.426s] Level 1:colcon.colcon_core.package_identification:_identify(anscer_bringup) by extension 'colcon_pkg'
[0.426s] Level 1:colcon.colcon_core.package_identification:_identify(anscer_bringup) by extensions ['colcon_meta']
[0.426s] Level 1:colcon.colcon_core.package_identification:_identify(anscer_bringup) by extension 'colcon_meta'
[0.426s] Level 1:colcon.colcon_core.package_identification:_identify(anscer_bringup) by extensions ['ros']
[0.426s] Level 1:colcon.colcon_core.package_identification:_identify(anscer_bringup) by extension 'ros'
[0.428s] DEBUG:colcon.colcon_core.package_identification:Package 'anscer_bringup' with type 'ros.ament_cmake' and name 'anscer_bringup'
[0.429s] Level 1:colcon.colcon_core.package_identification:_identify(build) by extensions ['ignore', 'ignore_ament_install']
[0.429s] Level 1:colcon.colcon_core.package_identification:_identify(build) by extension 'ignore'
[0.429s] Level 1:colcon.colcon_core.package_identification:_identify(build) ignored
[0.429s] Level 1:colcon.colcon_core.package_identification:_identify(install) by extensions ['ignore', 'ignore_ament_install']
[0.429s] Level 1:colcon.colcon_core.package_identification:_identify(install) by extension 'ignore'
[0.429s] Level 1:colcon.colcon_core.package_identification:_identify(install) ignored
[0.429s] Level 1:colcon.colcon_core.package_identification:_identify(log) by extensions ['ignore', 'ignore_ament_install']
[0.429s] Level 1:colcon.colcon_core.package_identification:_identify(log) by extension 'ignore'
[0.429s] Level 1:colcon.colcon_core.package_identification:_identify(log) ignored
[0.429s] Level 1:colcon.colcon_core.package_identification:_identify(src) by extensions ['ignore', 'ignore_ament_install']
[0.429s] Level 1:colcon.colcon_core.package_identification:_identify(src) by extension 'ignore'
[0.429s] Level 1:colcon.colcon_core.package_identification:_identify(src) by extension 'ignore_ament_install'
[0.429s] Level 1:colcon.colcon_core.package_identification:_identify(src) by extensions ['colcon_pkg']
[0.430s] Level 1:colcon.colcon_core.package_identification:_identify(src) by extension 'colcon_pkg'
[0.430s] Level 1:colcon.colcon_core.package_identification:_identify(src) by extensions ['colcon_meta']
[0.430s] Level 1:colcon.colcon_core.package_identification:_identify(src) by extension 'colcon_meta'
[0.430s] Level 1:colcon.colcon_core.package_identification:_identify(src) by extensions ['ros']
[0.430s] Level 1:colcon.colcon_core.package_identification:_identify(src) by extension 'ros'
[0.430s] Level 1:colcon.colcon_core.package_identification:_identify(src) by extensions ['cmake', 'python']
[0.430s] Level 1:colcon.colcon_core.package_identification:_identify(src) by extension 'cmake'
[0.430s] Level 1:colcon.colcon_core.package_identification:_identify(src) by extension 'python'
[0.430s] Level 1:colcon.colcon_core.package_identification:_identify(src) by extensions ['python_setup_py']
[0.430s] Level 1:colcon.colcon_core.package_identification:_identify(src) by extension 'python_setup_py'
[0.430s] Level 1:colcon.colcon_core.package_identification:_identify(src/anscer_controller) by extensions ['ignore', 'ignore_ament_install']
[0.430s] Level 1:colcon.colcon_core.package_identification:_identify(src/anscer_controller) by extension 'ignore'
[0.430s] Level 1:colcon.colcon_core.package_identification:_identify(src/anscer_controller) by extension 'ignore_ament_install'
[0.430s] Level 1:colcon.colcon_core.package_identification:_identify(src/anscer_controller) by extensions ['colcon_pkg']
[0.430s] Level 1:colcon.colcon_core.package_identification:_identify(src/anscer_controller) by extension 'colcon_pkg'
[0.430s] Level 1:colcon.colcon_core.package_identification:_identify(src/anscer_controller) by extensions ['colcon_meta']
[0.430s] Level 1:colcon.colcon_core.package_identification:_identify(src/anscer_controller) by extension 'colcon_meta'
[0.430s] Level 1:colcon.colcon_core.package_identification:_identify(src/anscer_controller) by extensions ['ros']
[0.430s] Level 1:colcon.colcon_core.package_identification:_identify(src/anscer_controller) by extension 'ros'
[0.431s] DEBUG:colcon.colcon_core.package_identification:Package 'src/anscer_controller' with type 'ros.ament_cmake' and name 'anscer_controller'
[0.431s] Level 1:colcon.colcon_core.package_identification:_identify(src/anscer_description) by extensions ['ignore', 'ignore_ament_install']
[0.431s] Level 1:colcon.colcon_core.package_identification:_identify(src/anscer_description) by extension 'ignore'
[0.431s] Level 1:colcon.colcon_core.package_identification:_identify(src/anscer_description) by extension 'ignore_ament_install'
[0.431s] Level 1:colcon.colcon_core.package_identification:_identify(src/anscer_description) by extensions ['colcon_pkg']
[0.431s] Level 1:colcon.colcon_core.package_identification:_identify(src/anscer_description) by extension 'colcon_pkg'
[0.431s] Level 1:colcon.colcon_core.package_identification:_identify(src/anscer_description) by extensions ['colcon_meta']
[0.431s] Level 1:colcon.colcon_core.package_identification:_identify(src/anscer_description) by extension 'colcon_meta'
[0.431s] Level 1:colcon.colcon_core.package_identification:_identify(src/anscer_description) by extensions ['ros']
[0.431s] Level 1:colcon.colcon_core.package_identification:_identify(src/anscer_description) by extension 'ros'
[0.434s] DEBUG:colcon.colcon_core.package_identification:Package 'src/anscer_description' with type 'ros.ament_cmake' and name 'anscer_description'
[0.434s] Level 1:colcon.colcon_core.package_discovery:discover_packages(recursive) using defaults
[0.434s] Level 1:colcon.colcon_core.package_discovery:discover_packages(ignore) discover
[0.434s] Level 1:colcon.colcon_core.package_discovery:discover_packages(ignore) using defaults
[0.434s] Level 1:colcon.colcon_core.package_discovery:discover_packages(path) discover
[0.434s] Level 1:colcon.colcon_core.package_discovery:discover_packages(path) using defaults
[0.460s] Level 1:colcon.colcon_core.package_discovery:discover_packages(prefix_path) check parameters
[0.460s] Level 1:colcon.colcon_core.package_discovery:discover_packages(prefix_path) discover
[0.479s] DEBUG:colcon.colcon_installed_package_information.package_discovery:Found 5 installed packages in /home/chaitanya/oxts_ws/install
[0.480s] DEBUG:colcon.colcon_installed_package_information.package_discovery:Found 12 installed packages in /home/chaitanya/osm_ws/install
[0.481s] DEBUG:colcon.colcon_installed_package_information.package_discovery:Found 11 installed packages in /home/chaitanya/lanelet2_ws/install
[0.491s] DEBUG:colcon.colcon_installed_package_information.package_discovery:Found 370 installed packages in /home/chaitanya/autoware/install
[0.493s] DEBUG:colcon.colcon_installed_package_information.package_discovery:Found 1 installed packages in /ros2_ws/install
[0.495s] DEBUG:colcon.colcon_installed_package_information.package_discovery:Found 452 installed packages in /opt/ros/humble
[0.499s] Level 1:colcon.colcon_core.package_discovery:discover_packages(prefix_path) using defaults
[0.709s] Level 5:colcon.colcon_core.verb:set package 'anscer_bringup' build argument 'cmake_args' from command line to 'None'
[0.709s] Level 5:colcon.colcon_core.verb:set package 'anscer_bringup' build argument 'cmake_target' from command line to 'None'
[0.709s] Level 5:colcon.colcon_core.verb:set package 'anscer_bringup' build argument 'cmake_target_skip_unavailable' from command line to 'False'
[0.709s] Level 5:colcon.colcon_core.verb:set package 'anscer_bringup' build argument 'cmake_clean_cache' from command line to 'False'
[0.709s] Level 5:colcon.colcon_core.verb:set package 'anscer_bringup' build argument 'cmake_clean_first' from command line to 'False'
[0.709s] Level 5:colcon.colcon_core.verb:set package 'anscer_bringup' build argument 'cmake_force_configure' from command line to 'False'
[0.709s] Level 5:colcon.colcon_core.verb:set package 'anscer_bringup' build argument 'ament_cmake_args' from command line to 'None'
[0.709s] Level 5:colcon.colcon_core.verb:set package 'anscer_bringup' build argument 'catkin_cmake_args' from command line to 'None'
[0.709s] Level 5:colcon.colcon_core.verb:set package 'anscer_bringup' build argument 'catkin_skip_building_tests' from command line to 'False'
[0.709s] DEBUG:colcon.colcon_core.verb:Building package 'anscer_bringup' with the following arguments: {'ament_cmake_args': None, 'build_base': '/home/chaitanya/AnscerBot_ws/build/anscer_bringup', 'catkin_cmake_args': None, 'catkin_skip_building_tests': False, 'cmake_args': None, 'cmake_clean_cache': False, 'cmake_clean_first': False, 'cmake_force_configure': False, 'cmake_target': None, 'cmake_target_skip_unavailable': False, 'install_base': '/home/chaitanya/AnscerBot_ws/install/anscer_bringup', 'merge_install': False, 'path': '/home/chaitanya/AnscerBot_ws/anscer_bringup', 'symlink_install': False, 'test_result_base': None}
[0.709s] Level 5:colcon.colcon_core.verb:set package 'anscer_controller' build argument 'cmake_args' from command line to 'None'
[0.709s] Level 5:colcon.colcon_core.verb:set package 'anscer_controller' build argument 'cmake_target' from command line to 'None'
[0.709s] Level 5:colcon.colcon_core.verb:set package 'anscer_controller' build argument 'cmake_target_skip_unavailable' from command line to 'False'
[0.709s] Level 5:colcon.colcon_core.verb:set package 'anscer_controller' build argument 'cmake_clean_cache' from command line to 'False'
[0.710s] Level 5:colcon.colcon_core.verb:set package 'anscer_controller' build argument 'cmake_clean_first' from command line to 'False'
[0.710s] Level 5:colcon.colcon_core.verb:set package 'anscer_controller' build argument 'cmake_force_configure' from command line to 'False'
[0.710s] Level 5:colcon.colcon_core.verb:set package 'anscer_controller' build argument 'ament_cmake_args' from command line to 'None'
[0.710s] Level 5:colcon.colcon_core.verb:set package 'anscer_controller' build argument 'catkin_cmake_args' from command line to 'None'
[0.710s] Level 5:colcon.colcon_core.verb:set package 'anscer_controller' build argument 'catkin_skip_building_tests' from command line to 'False'
[0.710s] DEBUG:colcon.colcon_core.verb:Building package 'anscer_controller' with the following arguments: {'ament_cmake_args': None, 'build_base': '/home/chaitanya/AnscerBot_ws/build/anscer_controller', 'catkin_cmake_args': None, 'catkin_skip_building_tests': False, 'cmake_args': None, 'cmake_clean_cache': False, 'cmake_clean_first': False, 'cmake_force_configure': False, 'cmake_target': None, 'cmake_target_skip_unavailable': False, 'install_base': '/home/chaitanya/AnscerBot_ws/install/anscer_controller', 'merge_install': False, 'path': '/home/chaitanya/AnscerBot_ws/src/anscer_controller', 'symlink_install': False, 'test_result_base': None}
[0.710s] Level 5:colcon.colcon_core.verb:set package 'anscer_description' build argument 'cmake_args' from command line to 'None'
[0.710s] Level 5:colcon.colcon_core.verb:set package 'anscer_description' build argument 'cmake_target' from command line to 'None'
[0.710s] Level 5:colcon.colcon_core.verb:set package 'anscer_description' build argument 'cmake_target_skip_unavailable' from command line to 'False'
[0.710s] Level 5:colcon.colcon_core.verb:set package 'anscer_description' build argument 'cmake_clean_cache' from command line to 'False'
[0.710s] Level 5:colcon.colcon_core.verb:set package 'anscer_description' build argument 'cmake_clean_first' from command line to 'False'
[0.710s] Level 5:colcon.colcon_core.verb:set package 'anscer_description' build argument 'cmake_force_configure' from command line to 'False'
[0.710s] Level 5:colcon.colcon_core.verb:set package 'anscer_description' build argument 'ament_cmake_args' from command line to 'None'
[0.710s] Level 5:colcon.colcon_core.verb:set package 'anscer_description' build argument 'catkin_cmake_args' from command line to 'None'
[0.710s] Level 5:colcon.colcon_core.verb:set package 'anscer_description' build argument 'catkin_skip_building_tests' from command line to 'False'
[0.710s] DEBUG:colcon.colcon_core.verb:Building package 'anscer_description' with the following arguments: {'ament_cmake_args': None, 'build_base': '/home/chaitanya/AnscerBot_ws/build/anscer_description', 'catkin_cmake_args': None, 'catkin_skip_building_tests': False, 'cmake_args': None, 'cmake_clean_cache': False, 'cmake_clean_first': False, 'cmake_force_configure': False, 'cmake_target': None, 'cmake_target_skip_unavailable': False, 'install_base': '/home/chaitanya/AnscerBot_ws/install/anscer_description', 'merge_install': False, 'path': '/home/chaitanya/AnscerBot_ws/src/anscer_description', 'symlink_install': False, 'test_result_base': None}
[0.710s] INFO:colcon.colcon_core.executor:Executing jobs using 'parallel' executor
[0.712s] DEBUG:colcon.colcon_parallel_executor.executor.parallel:run_until_complete
[0.712s] INFO:colcon.colcon_ros.task.ament_cmake.build:Building ROS package in '/home/chaitanya/AnscerBot_ws/anscer_bringup' with build type 'ament_cmake'
[0.712s] INFO:colcon.colcon_cmake.task.cmake.build:Building CMake package in '/home/chaitanya/AnscerBot_ws/anscer_bringup'
[0.716s] INFO:colcon.colcon_core.plugin_system:Skipping extension 'colcon_core.shell.bat': Not used on non-Windows systems
[0.716s] INFO:colcon.colcon_core.shell:Skip shell extension 'powershell' for command environment: Not usable outside of PowerShell
[0.716s] DEBUG:colcon.colcon_core.shell:Skip shell extension 'dsv' for command environment
[0.747s] INFO:colcon.colcon_ros.task.ament_cmake.build:Building ROS package in '/home/chaitanya/AnscerBot_ws/src/anscer_controller' with build type 'ament_cmake'
[0.747s] INFO:colcon.colcon_cmake.task.cmake.build:Building CMake package in '/home/chaitanya/AnscerBot_ws/src/anscer_controller'
[0.748s] INFO:colcon.colcon_core.shell:Skip shell extension 'powershell' for command environment: Not usable outside of PowerShell
[0.748s] DEBUG:colcon.colcon_core.shell:Skip shell extension 'dsv' for command environment
[0.779s] INFO:colcon.colcon_ros.task.ament_cmake.build:Building ROS package in '/home/chaitanya/AnscerBot_ws/src/anscer_description' with build type 'ament_cmake'
[0.779s] INFO:colcon.colcon_cmake.task.cmake.build:Building CMake package in '/home/chaitanya/AnscerBot_ws/src/anscer_description'
[0.779s] INFO:colcon.colcon_core.shell:Skip shell extension 'powershell' for command environment: Not usable outside of PowerShell
[0.779s] DEBUG:colcon.colcon_core.shell:Skip shell extension 'dsv' for command environment
[0.821s] DEBUG:colcon.colcon_core.event_handler.log_command:Invoking command in '/home/chaitanya/AnscerBot_ws/build/anscer_controller': CMAKE_PREFIX_PATH=${CMAKE_PREFIX_PATH}:/home/chaitanya/autoware/install/autoware_carla_interface:/home/chaitanya/autoware/install/ad_api_visualizers:/ros2_ws/install/my_py_pkg:/opt/ros/humble /usr/bin/cmake --build /home/chaitanya/AnscerBot_ws/build/anscer_controller -- -j8 -l8
[0.829s] DEBUG:colcon.colcon_core.event_handler.log_command:Invoking command in '/home/chaitanya/AnscerBot_ws/build/anscer_bringup': CMAKE_PREFIX_PATH=${CMAKE_PREFIX_PATH}:/home/chaitanya/autoware/install/autoware_carla_interface:/home/chaitanya/autoware/install/ad_api_visualizers:/ros2_ws/install/my_py_pkg:/opt/ros/humble /usr/bin/cmake /home/chaitanya/AnscerBot_ws/anscer_bringup -DCMAKE_INSTALL_PREFIX=/home/chaitanya/AnscerBot_ws/install/anscer_bringup
[0.840s] DEBUG:colcon.colcon_core.event_handler.log_command:Invoking command in '/home/chaitanya/AnscerBot_ws/build/anscer_description': CMAKE_PREFIX_PATH=${CMAKE_PREFIX_PATH}:/home/chaitanya/autoware/install/autoware_carla_interface:/home/chaitanya/autoware/install/ad_api_visualizers:/ros2_ws/install/my_py_pkg:/opt/ros/humble /usr/bin/cmake --build /home/chaitanya/AnscerBot_ws/build/anscer_description -- -j8 -l8
[1.001s] DEBUG:colcon.colcon_core.event_handler.log_command:Invoked command in '/home/chaitanya/AnscerBot_ws/build/anscer_controller' returned '0': CMAKE_PREFIX_PATH=${CMAKE_PREFIX_PATH}:/home/chaitanya/autoware/install/autoware_carla_interface:/home/chaitanya/autoware/install/ad_api_visualizers:/ros2_ws/install/my_py_pkg:/opt/ros/humble /usr/bin/cmake --build /home/chaitanya/AnscerBot_ws/build/anscer_controller -- -j8 -l8
[1.042s] DEBUG:colcon.colcon_core.event_handler.log_command:Invoking command in '/home/chaitanya/AnscerBot_ws/build/anscer_controller': CMAKE_PREFIX_PATH=${CMAKE_PREFIX_PATH}:/home/chaitanya/autoware/install/autoware_carla_interface:/home/chaitanya/autoware/install/ad_api_visualizers:/ros2_ws/install/my_py_pkg:/opt/ros/humble /usr/bin/cmake --install /home/chaitanya/AnscerBot_ws/build/anscer_controller
[1.044s] DEBUG:colcon.colcon_core.event_handler.log_command:Invoked command in '/home/chaitanya/AnscerBot_ws/build/anscer_description' returned '0': CMAKE_PREFIX_PATH=${CMAKE_PREFIX_PATH}:/home/chaitanya/autoware/install/autoware_carla_interface:/home/chaitanya/autoware/install/ad_api_visualizers:/ros2_ws/install/my_py_pkg:/opt/ros/humble /usr/bin/cmake --build /home/chaitanya/AnscerBot_ws/build/anscer_description -- -j8 -l8
[1.046s] DEBUG:colcon.colcon_core.event_handler.log_command:Invoking command in '/home/chaitanya/AnscerBot_ws/build/anscer_description': CMAKE_PREFIX_PATH=${CMAKE_PREFIX_PATH}:/home/chaitanya/autoware/install/autoware_carla_interface:/home/chaitanya/autoware/install/ad_api_visualizers:/ros2_ws/install/my_py_pkg:/opt/ros/humble /usr/bin/cmake --install /home/chaitanya/AnscerBot_ws/build/anscer_description
[1.082s] Level 1:colcon.colcon_core.environment:create_environment_scripts_only(anscer_controller)
[1.083s] DEBUG:colcon.colcon_core.event_handler.log_command:Invoked command in '/home/chaitanya/AnscerBot_ws/build/anscer_controller' returned '0': CMAKE_PREFIX_PATH=${CMAKE_PREFIX_PATH}:/home/chaitanya/autoware/install/autoware_carla_interface:/home/chaitanya/autoware/install/ad_api_visualizers:/ros2_ws/install/my_py_pkg:/opt/ros/humble /usr/bin/cmake --install /home/chaitanya/AnscerBot_ws/build/anscer_controller
[1.111s] Level 1:colcon.colcon_core.environment:checking '/home/chaitanya/AnscerBot_ws/install/anscer_controller' for CMake module files
[1.116s] Level 1:colcon.colcon_core.environment:checking '/home/chaitanya/AnscerBot_ws/install/anscer_controller' for CMake config files
[1.122s] Level 1:colcon.colcon_core.shell:create_environment_hook('anscer_controller', 'cmake_prefix_path')
[1.122s] INFO:colcon.colcon_core.shell:Creating environment hook '/home/chaitanya/AnscerBot_ws/install/anscer_controller/share/anscer_controller/hook/cmake_prefix_path.ps1'
[1.124s] INFO:colcon.colcon_core.shell:Creating environment descriptor '/home/chaitanya/AnscerBot_ws/install/anscer_controller/share/anscer_controller/hook/cmake_prefix_path.dsv'
[1.125s] INFO:colcon.colcon_core.shell:Creating environment hook '/home/chaitanya/AnscerBot_ws/install/anscer_controller/share/anscer_controller/hook/cmake_prefix_path.sh'
[1.128s] Level 1:colcon.colcon_core.environment:checking '/home/chaitanya/AnscerBot_ws/install/anscer_controller/bin'
[1.128s] Level 1:colcon.colcon_core.environment:checking '/home/chaitanya/AnscerBot_ws/install/anscer_controller/lib/pkgconfig/anscer_controller.pc'
[1.128s] Level 1:colcon.colcon_core.environment:checking '/home/chaitanya/AnscerBot_ws/install/anscer_controller/lib/python3.10/site-packages'
[1.129s] Level 1:colcon.colcon_core.environment:checking '/home/chaitanya/AnscerBot_ws/install/anscer_controller/bin'
[1.129s] INFO:colcon.colcon_core.shell:Creating package script '/home/chaitanya/AnscerBot_ws/install/anscer_controller/share/anscer_controller/package.ps1'
[1.131s] INFO:colcon.colcon_core.shell:Creating package descriptor '/home/chaitanya/AnscerBot_ws/install/anscer_controller/share/anscer_controller/package.dsv'
[1.134s] INFO:colcon.colcon_core.shell:Creating package script '/home/chaitanya/AnscerBot_ws/install/anscer_controller/share/anscer_controller/package.sh'
[1.137s] INFO:colcon.colcon_core.shell:Creating package script '/home/chaitanya/AnscerBot_ws/install/anscer_controller/share/anscer_controller/package.bash'
[1.139s] INFO:colcon.colcon_core.shell:Creating package script '/home/chaitanya/AnscerBot_ws/install/anscer_controller/share/anscer_controller/package.zsh'
[1.141s] Level 1:colcon.colcon_core.environment:create_file_with_runtime_dependencies(/home/chaitanya/AnscerBot_ws/install/anscer_controller/share/colcon-core/packages/anscer_controller)
[1.145s] Level 1:colcon.colcon_core.environment:create_environment_scripts_only(anscer_controller)
[1.146s] Level 1:colcon.colcon_core.environment:checking '/home/chaitanya/AnscerBot_ws/install/anscer_controller' for CMake module files
[1.152s] Level 1:colcon.colcon_core.environment:checking '/home/chaitanya/AnscerBot_ws/install/anscer_controller' for CMake config files
[1.161s] Level 1:colcon.colcon_core.shell:create_environment_hook('anscer_controller', 'cmake_prefix_path')
[1.161s] INFO:colcon.colcon_core.shell:Creating environment hook '/home/chaitanya/AnscerBot_ws/install/anscer_controller/share/anscer_controller/hook/cmake_prefix_path.ps1'
[1.164s] INFO:colcon.colcon_core.shell:Creating environment descriptor '/home/chaitanya/AnscerBot_ws/install/anscer_controller/share/anscer_controller/hook/cmake_prefix_path.dsv'
[1.166s] INFO:colcon.colcon_core.shell:Creating environment hook '/home/chaitanya/AnscerBot_ws/install/anscer_controller/share/anscer_controller/hook/cmake_prefix_path.sh'
[1.170s] Level 1:colcon.colcon_core.environment:checking '/home/chaitanya/AnscerBot_ws/install/anscer_controller/bin'
[1.170s] Level 1:colcon.colcon_core.environment:checking '/home/chaitanya/AnscerBot_ws/install/anscer_controller/lib/pkgconfig/anscer_controller.pc'
[1.170s] Level 1:colcon.colcon_core.environment:checking '/home/chaitanya/AnscerBot_ws/install/anscer_controller/lib/python3.10/site-packages'
[1.170s] Level 1:colcon.colcon_core.environment:checking '/home/chaitanya/AnscerBot_ws/install/anscer_controller/bin'
[1.171s] INFO:colcon.colcon_core.shell:Creating package script '/home/chaitanya/AnscerBot_ws/install/anscer_controller/share/anscer_controller/package.ps1'
[1.173s] INFO:colcon.colcon_core.shell:Creating package descriptor '/home/chaitanya/AnscerBot_ws/install/anscer_controller/share/anscer_controller/package.dsv'
[1.173s] INFO:colcon.colcon_core.shell:Creating package script '/home/chaitanya/AnscerBot_ws/install/anscer_controller/share/anscer_controller/package.sh'
[1.174s] INFO:colcon.colcon_core.shell:Creating package script '/home/chaitanya/AnscerBot_ws/install/anscer_controller/share/anscer_controller/package.bash'
[1.175s] INFO:colcon.colcon_core.shell:Creating package script '/home/chaitanya/AnscerBot_ws/install/anscer_controller/share/anscer_controller/package.zsh'
[1.175s] Level 1:colcon.colcon_core.environment:create_file_with_runtime_dependencies(/home/chaitanya/AnscerBot_ws/install/anscer_controller/share/colcon-core/packages/anscer_controller)
[1.176s] Level 1:colcon.colcon_core.environment:create_environment_scripts_only(anscer_description)
[1.177s] Level 1:colcon.colcon_core.environment:checking '/home/chaitanya/AnscerBot_ws/install/anscer_description' for CMake module files
[1.177s] DEBUG:colcon.colcon_core.event_handler.log_command:Invoked command in '/home/chaitanya/AnscerBot_ws/build/anscer_description' returned '0': CMAKE_PREFIX_PATH=${CMAKE_PREFIX_PATH}:/home/chaitanya/autoware/install/autoware_carla_interface:/home/chaitanya/autoware/install/ad_api_visualizers:/ros2_ws/install/my_py_pkg:/opt/ros/humble /usr/bin/cmake --install /home/chaitanya/AnscerBot_ws/build/anscer_description
[1.177s] Level 1:colcon.colcon_core.environment:checking '/home/chaitanya/AnscerBot_ws/install/anscer_description' for CMake config files
[1.183s] Level 1:colcon.colcon_core.shell:create_environment_hook('anscer_description', 'cmake_prefix_path')
[1.183s] INFO:colcon.colcon_core.shell:Creating environment hook '/home/chaitanya/AnscerBot_ws/install/anscer_description/share/anscer_description/hook/cmake_prefix_path.ps1'
[1.183s] INFO:colcon.colcon_core.shell:Creating environment descriptor '/home/chaitanya/AnscerBot_ws/install/anscer_description/share/anscer_description/hook/cmake_prefix_path.dsv'
[1.184s] INFO:colcon.colcon_core.shell:Creating environment hook '/home/chaitanya/AnscerBot_ws/install/anscer_description/share/anscer_description/hook/cmake_prefix_path.sh'
[1.184s] Level 1:colcon.colcon_core.environment:checking '/home/chaitanya/AnscerBot_ws/install/anscer_description/bin'
[1.184s] Level 1:colcon.colcon_core.environment:checking '/home/chaitanya/AnscerBot_ws/install/anscer_description/lib/pkgconfig/anscer_description.pc'
[1.184s] Level 1:colcon.colcon_core.environment:checking '/home/chaitanya/AnscerBot_ws/install/anscer_description/lib/python3.10/site-packages'
[1.185s] Level 1:colcon.colcon_core.environment:checking '/home/chaitanya/AnscerBot_ws/install/anscer_description/bin'
[1.185s] INFO:colcon.colcon_core.shell:Creating package script '/home/chaitanya/AnscerBot_ws/install/anscer_description/share/anscer_description/package.ps1'
[1.185s] INFO:colcon.colcon_core.shell:Creating package descriptor '/home/chaitanya/AnscerBot_ws/install/anscer_description/share/anscer_description/package.dsv'
[1.186s] INFO:colcon.colcon_core.shell:Creating package script '/home/chaitanya/AnscerBot_ws/install/anscer_description/share/anscer_description/package.sh'
[1.186s] INFO:colcon.colcon_core.shell:Creating package script '/home/chaitanya/AnscerBot_ws/install/anscer_description/share/anscer_description/package.bash'
[1.187s] INFO:colcon.colcon_core.shell:Creating package script '/home/chaitanya/AnscerBot_ws/install/anscer_description/share/anscer_description/package.zsh'
[1.187s] Level 1:colcon.colcon_core.environment:create_file_with_runtime_dependencies(/home/chaitanya/AnscerBot_ws/install/anscer_description/share/colcon-core/packages/anscer_description)
[1.188s] Level 1:colcon.colcon_core.environment:create_environment_scripts_only(anscer_description)
[1.188s] Level 1:colcon.colcon_core.environment:checking '/home/chaitanya/AnscerBot_ws/install/anscer_description' for CMake module files
[1.189s] Level 1:colcon.colcon_core.environment:checking '/home/chaitanya/AnscerBot_ws/install/anscer_description' for CMake config files
[1.195s] Level 1:colcon.colcon_core.shell:create_environment_hook('anscer_description', 'cmake_prefix_path')
[1.195s] INFO:colcon.colcon_core.shell:Creating environment hook '/home/chaitanya/AnscerBot_ws/install/anscer_description/share/anscer_description/hook/cmake_prefix_path.ps1'
[1.196s] INFO:colcon.colcon_core.shell:Creating environment descriptor '/home/chaitanya/AnscerBot_ws/install/anscer_description/share/anscer_description/hook/cmake_prefix_path.dsv'
[1.196s] INFO:colcon.colcon_core.shell:Creating environment hook '/home/chaitanya/AnscerBot_ws/install/anscer_description/share/anscer_description/hook/cmake_prefix_path.sh'
[1.197s] Level 1:colcon.colcon_core.environment:checking '/home/chaitanya/AnscerBot_ws/install/anscer_description/bin'
[1.197s] Level 1:colcon.colcon_core.environment:checking '/home/chaitanya/AnscerBot_ws/install/anscer_description/lib/pkgconfig/anscer_description.pc'
[1.197s] Level 1:colcon.colcon_core.environment:checking '/home/chaitanya/AnscerBot_ws/install/anscer_description/lib/python3.10/site-packages'
[1.197s] Level 1:colcon.colcon_core.environment:checking '/home/chaitanya/AnscerBot_ws/install/anscer_description/bin'
[1.198s] INFO:colcon.colcon_core.shell:Creating package script '/home/chaitanya/AnscerBot_ws/install/anscer_description/share/anscer_description/package.ps1'
[1.198s] INFO:colcon.colcon_core.shell:Creating package descriptor '/home/chaitanya/AnscerBot_ws/install/anscer_description/share/anscer_description/package.dsv'
[1.199s] INFO:colcon.colcon_core.shell:Creating package script '/home/chaitanya/AnscerBot_ws/install/anscer_description/share/anscer_description/package.sh'
[1.199s] INFO:colcon.colcon_core.shell:Creating package script '/home/chaitanya/AnscerBot_ws/install/anscer_description/share/anscer_description/package.bash'
[1.200s] INFO:colcon.colcon_core.shell:Creating package script '/home/chaitanya/AnscerBot_ws/install/anscer_description/share/anscer_description/package.zsh'
[1.200s] Level 1:colcon.colcon_core.environment:create_file_with_runtime_dependencies(/home/chaitanya/AnscerBot_ws/install/anscer_description/share/colcon-core/packages/anscer_description)
[3.458s] DEBUG:colcon.colcon_core.event_handler.log_command:Invoked command in '/home/chaitanya/AnscerBot_ws/build/anscer_bringup' returned '0': CMAKE_PREFIX_PATH=${CMAKE_PREFIX_PATH}:/home/chaitanya/autoware/install/autoware_carla_interface:/home/chaitanya/autoware/install/ad_api_visualizers:/ros2_ws/install/my_py_pkg:/opt/ros/humble /usr/bin/cmake /home/chaitanya/AnscerBot_ws/anscer_bringup -DCMAKE_INSTALL_PREFIX=/home/chaitanya/AnscerBot_ws/install/anscer_bringup
[3.460s] DEBUG:colcon.colcon_core.event_handler.log_command:Invoking command in '/home/chaitanya/AnscerBot_ws/build/anscer_bringup': CMAKE_PREFIX_PATH=${CMAKE_PREFIX_PATH}:/home/chaitanya/autoware/install/autoware_carla_interface:/home/chaitanya/autoware/install/ad_api_visualizers:/ros2_ws/install/my_py_pkg:/opt/ros/humble /usr/bin/cmake --build /home/chaitanya/AnscerBot_ws/build/anscer_bringup -- -j8 -l8
[3.619s] DEBUG:colcon.colcon_core.event_handler.log_command:Invoked command in '/home/chaitanya/AnscerBot_ws/build/anscer_bringup' returned '0': CMAKE_PREFIX_PATH=${CMAKE_PREFIX_PATH}:/home/chaitanya/autoware/install/autoware_carla_interface:/home/chaitanya/autoware/install/ad_api_visualizers:/ros2_ws/install/my_py_pkg:/opt/ros/humble /usr/bin/cmake --build /home/chaitanya/AnscerBot_ws/build/anscer_bringup -- -j8 -l8
[3.621s] DEBUG:colcon.colcon_core.event_handler.log_command:Invoking command in '/home/chaitanya/AnscerBot_ws/build/anscer_bringup': CMAKE_PREFIX_PATH=${CMAKE_PREFIX_PATH}:/home/chaitanya/autoware/install/autoware_carla_interface:/home/chaitanya/autoware/install/ad_api_visualizers:/ros2_ws/install/my_py_pkg:/opt/ros/humble /usr/bin/cmake --install /home/chaitanya/AnscerBot_ws/build/anscer_bringup
[3.658s] Level 1:colcon.colcon_core.environment:create_environment_scripts_only(anscer_bringup)
[3.658s] Level 1:colcon.colcon_core.environment:checking '/home/chaitanya/AnscerBot_ws/install/anscer_bringup' for CMake module files
[3.659s] DEBUG:colcon.colcon_core.event_handler.log_command:Invoked command in '/home/chaitanya/AnscerBot_ws/build/anscer_bringup' returned '0': CMAKE_PREFIX_PATH=${CMAKE_PREFIX_PATH}:/home/chaitanya/autoware/install/autoware_carla_interface:/home/chaitanya/autoware/install/ad_api_visualizers:/ros2_ws/install/my_py_pkg:/opt/ros/humble /usr/bin/cmake --install /home/chaitanya/AnscerBot_ws/build/anscer_bringup
[3.659s] Level 1:colcon.colcon_core.environment:checking '/home/chaitanya/AnscerBot_ws/install/anscer_bringup' for CMake config files
[3.659s] Level 1:colcon.colcon_core.shell:create_environment_hook('anscer_bringup', 'cmake_prefix_path')
[3.660s] INFO:colcon.colcon_core.shell:Creating environment hook '/home/chaitanya/AnscerBot_ws/install/anscer_bringup/share/anscer_bringup/hook/cmake_prefix_path.ps1'
[3.660s] INFO:colcon.colcon_core.shell:Creating environment descriptor '/home/chaitanya/AnscerBot_ws/install/anscer_bringup/share/anscer_bringup/hook/cmake_prefix_path.dsv'
[3.660s] INFO:colcon.colcon_core.shell:Creating environment hook '/home/chaitanya/AnscerBot_ws/install/anscer_bringup/share/anscer_bringup/hook/cmake_prefix_path.sh'
[3.661s] Level 1:colcon.colcon_core.environment:checking '/home/chaitanya/AnscerBot_ws/install/anscer_bringup/bin'
[3.661s] Level 1:colcon.colcon_core.environment:checking '/home/chaitanya/AnscerBot_ws/install/anscer_bringup/lib/pkgconfig/anscer_bringup.pc'
[3.661s] Level 1:colcon.colcon_core.environment:checking '/home/chaitanya/AnscerBot_ws/install/anscer_bringup/lib/python3.10/site-packages'
[3.661s] Level 1:colcon.colcon_core.environment:checking '/home/chaitanya/AnscerBot_ws/install/anscer_bringup/bin'
[3.662s] INFO:colcon.colcon_core.shell:Creating package script '/home/chaitanya/AnscerBot_ws/install/anscer_bringup/share/anscer_bringup/package.ps1'
[3.662s] INFO:colcon.colcon_core.shell:Creating package descriptor '/home/chaitanya/AnscerBot_ws/install/anscer_bringup/share/anscer_bringup/package.dsv'
[3.662s] INFO:colcon.colcon_core.shell:Creating package script '/home/chaitanya/AnscerBot_ws/install/anscer_bringup/share/anscer_bringup/package.sh'
[3.663s] INFO:colcon.colcon_core.shell:Creating package script '/home/chaitanya/AnscerBot_ws/install/anscer_bringup/share/anscer_bringup/package.bash'
[3.663s] INFO:colcon.colcon_core.shell:Creating package script '/home/chaitanya/AnscerBot_ws/install/anscer_bringup/share/anscer_bringup/package.zsh'
[3.663s] Level 1:colcon.colcon_core.environment:create_file_with_runtime_dependencies(/home/chaitanya/AnscerBot_ws/install/anscer_bringup/share/colcon-core/packages/anscer_bringup)
[3.664s] Level 1:colcon.colcon_core.environment:create_environment_scripts_only(anscer_bringup)
[3.664s] Level 1:colcon.colcon_core.environment:checking '/home/chaitanya/AnscerBot_ws/install/anscer_bringup' for CMake module files
[3.664s] Level 1:colcon.colcon_core.environment:checking '/home/chaitanya/AnscerBot_ws/install/anscer_bringup' for CMake config files
[3.665s] Level 1:colcon.colcon_core.shell:create_environment_hook('anscer_bringup', 'cmake_prefix_path')
[3.665s] INFO:colcon.colcon_core.shell:Creating environment hook '/home/chaitanya/AnscerBot_ws/install/anscer_bringup/share/anscer_bringup/hook/cmake_prefix_path.ps1'
[3.665s] INFO:colcon.colcon_core.shell:Creating environment descriptor '/home/chaitanya/AnscerBot_ws/install/anscer_bringup/share/anscer_bringup/hook/cmake_prefix_path.dsv'
[3.666s] INFO:colcon.colcon_core.shell:Creating environment hook '/home/chaitanya/AnscerBot_ws/install/anscer_bringup/share/anscer_bringup/hook/cmake_prefix_path.sh'
[3.666s] Level 1:colcon.colcon_core.environment:checking '/home/chaitanya/AnscerBot_ws/install/anscer_bringup/bin'
[3.666s] Level 1:colcon.colcon_core.environment:checking '/home/chaitanya/AnscerBot_ws/install/anscer_bringup/lib/pkgconfig/anscer_bringup.pc'
[3.667s] Level 1:colcon.colcon_core.environment:checking '/home/chaitanya/AnscerBot_ws/install/anscer_bringup/lib/python3.10/site-packages'
[3.667s] Level 1:colcon.colcon_core.environment:checking '/home/chaitanya/AnscerBot_ws/install/anscer_bringup/bin'
[3.667s] INFO:colcon.colcon_core.shell:Creating package script '/home/chaitanya/AnscerBot_ws/install/anscer_bringup/share/anscer_bringup/package.ps1'
[3.668s] INFO:colcon.colcon_core.shell:Creating package descriptor '/home/chaitanya/AnscerBot_ws/install/anscer_bringup/share/anscer_bringup/package.dsv'
[3.668s] INFO:colcon.colcon_core.shell:Creating package script '/home/chaitanya/AnscerBot_ws/install/anscer_bringup/share/anscer_bringup/package.sh'
[3.669s] INFO:colcon.colcon_core.shell:Creating package script '/home/chaitanya/AnscerBot_ws/install/anscer_bringup/share/anscer_bringup/package.bash'
[3.669s] INFO:colcon.colcon_core.shell:Creating package script '/home/chaitanya/AnscerBot_ws/install/anscer_bringup/share/anscer_bringup/package.zsh'
[3.670s] Level 1:colcon.colcon_core.environment:create_file_with_runtime_dependencies(/home/chaitanya/AnscerBot_ws/install/anscer_bringup/share/colcon-core/packages/anscer_bringup)
[3.670s] DEBUG:colcon.colcon_parallel_executor.executor.parallel:closing loop
[3.670s] DEBUG:colcon.colcon_parallel_executor.executor.parallel:loop closed
[3.671s] DEBUG:colcon.colcon_parallel_executor.executor.parallel:run_until_complete finished with '0'
[3.671s] DEBUG:colcon.colcon_core.event_reactor:joining thread
[3.686s] INFO:colcon.colcon_core.plugin_system:Skipping extension 'colcon_notification.desktop_notification.terminal_notifier': Not used on non-Darwin systems
[3.686s] INFO:colcon.colcon_core.plugin_system:Skipping extension 'colcon_notification.desktop_notification.win32': Not used on non-Windows systems
[3.686s] INFO:colcon.colcon_notification.desktop_notification:Sending desktop notification using 'notify2'
[3.715s] DEBUG:colcon.colcon_core.event_reactor:joined thread
[3.715s] INFO:colcon.colcon_core.shell:Creating prefix script '/home/chaitanya/AnscerBot_ws/install/local_setup.ps1'
[3.717s] INFO:colcon.colcon_core.shell:Creating prefix util module '/home/chaitanya/AnscerBot_ws/install/_local_setup_util_ps1.py'
[3.719s] INFO:colcon.colcon_core.shell:Creating prefix chain script '/home/chaitanya/AnscerBot_ws/install/setup.ps1'
[3.746s] INFO:colcon.colcon_core.shell:Creating prefix script '/home/chaitanya/AnscerBot_ws/install/local_setup.sh'
[3.747s] INFO:colcon.colcon_core.shell:Creating prefix util module '/home/chaitanya/AnscerBot_ws/install/_local_setup_util_sh.py'
[3.748s] INFO:colcon.colcon_core.shell:Creating prefix chain script '/home/chaitanya/AnscerBot_ws/install/setup.sh'
[3.768s] INFO:colcon.colcon_core.shell:Creating prefix script '/home/chaitanya/AnscerBot_ws/install/local_setup.bash'
[3.769s] INFO:colcon.colcon_core.shell:Creating prefix chain script '/home/chaitanya/AnscerBot_ws/install/setup.bash'
[3.786s] INFO:colcon.colcon_core.shell:Creating prefix script '/home/chaitanya/AnscerBot_ws/install/local_setup.zsh'
[3.787s] INFO:colcon.colcon_core.shell:Creating prefix chain script '/home/chaitanya/AnscerBot_ws/install/setup.zsh'
