[0.073s] Invoking command in '/home/chaitanya/AnscerBot_ws/build/anscer_controller': CMAKE_PREFIX_PATH=${CMAKE_PREFIX_PATH}:/home/chaitanya/autoware/install/autoware_carla_interface:/home/chaitanya/autoware/install/ad_api_visualizers:/ros2_ws/install/my_py_pkg:/opt/ros/humble /usr/bin/cmake --build /home/chaitanya/AnscerBot_ws/build/anscer_controller -- -j8 -l8
[0.253s] Invoked command in '/home/chaitanya/AnscerBot_ws/build/anscer_controller' returned '0': CMAKE_PREFIX_PATH=${CMAKE_PREFIX_PATH}:/home/chaitanya/autoware/install/autoware_carla_interface:/home/chaitanya/autoware/install/ad_api_visualizers:/ros2_ws/install/my_py_pkg:/opt/ros/humble /usr/bin/cmake --build /home/chaitanya/AnscerBot_ws/build/anscer_controller -- -j8 -l8
[0.294s] Invoking command in '/home/chaitanya/AnscerBot_ws/build/anscer_controller': CMAKE_PREFIX_PATH=${CMAKE_PREFIX_PATH}:/home/chaitanya/autoware/install/autoware_carla_interface:/home/chaitanya/autoware/install/ad_api_visualizers:/ros2_ws/install/my_py_pkg:/opt/ros/humble /usr/bin/cmake --install /home/chaitanya/AnscerBot_ws/build/anscer_controller
[0.330s] -- Install configuration: ""
[0.331s] -- Up-to-date: /home/chaitanya/AnscerBot_ws/install/anscer_controller/share/anscer_controller/launch
[0.331s] -- Up-to-date: /home/chaitanya/AnscerBot_ws/install/anscer_controller/share/anscer_controller/launch/controller.launch.py
[0.331s] -- Up-to-date: /home/chaitanya/AnscerBot_ws/install/anscer_controller/share/anscer_controller/config
[0.331s] -- Up-to-date: /home/chaitanya/AnscerBot_ws/install/anscer_controller/share/anscer_controller/config/anscer_controllers.yaml
[0.331s] -- Up-to-date: /home/chaitanya/AnscerBot_ws/install/anscer_controller/share/ament_index/resource_index/package_run_dependencies/anscer_controller
[0.331s] -- Up-to-date: /home/chaitanya/AnscerBot_ws/install/anscer_controller/share/ament_index/resource_index/parent_prefix_path/anscer_controller
[0.331s] -- Up-to-date: /home/chaitanya/AnscerBot_ws/install/anscer_controller/share/anscer_controller/environment/ament_prefix_path.sh
[0.332s] -- Up-to-date: /home/chaitanya/AnscerBot_ws/install/anscer_controller/share/anscer_controller/environment/ament_prefix_path.dsv
[0.332s] -- Up-to-date: /home/chaitanya/AnscerBot_ws/install/anscer_controller/share/anscer_controller/environment/path.sh
[0.332s] -- Up-to-date: /home/chaitanya/AnscerBot_ws/install/anscer_controller/share/anscer_controller/environment/path.dsv
[0.332s] -- Up-to-date: /home/chaitanya/AnscerBot_ws/install/anscer_controller/share/anscer_controller/local_setup.bash
[0.332s] -- Up-to-date: /home/chaitanya/AnscerBot_ws/install/anscer_controller/share/anscer_controller/local_setup.sh
[0.332s] -- Up-to-date: /home/chaitanya/AnscerBot_ws/install/anscer_controller/share/anscer_controller/local_setup.zsh
[0.332s] -- Up-to-date: /home/chaitanya/AnscerBot_ws/install/anscer_controller/share/anscer_controller/local_setup.dsv
[0.332s] -- Installing: /home/chaitanya/AnscerBot_ws/install/anscer_controller/share/anscer_controller/package.dsv
[0.333s] -- Up-to-date: /home/chaitanya/AnscerBot_ws/install/anscer_controller/share/ament_index/resource_index/packages/anscer_controller
[0.333s] -- Up-to-date: /home/chaitanya/AnscerBot_ws/install/anscer_controller/share/anscer_controller/cmake/anscer_controllerConfig.cmake
[0.333s] -- Up-to-date: /home/chaitanya/AnscerBot_ws/install/anscer_controller/share/anscer_controller/cmake/anscer_controllerConfig-version.cmake
[0.333s] -- Up-to-date: /home/chaitanya/AnscerBot_ws/install/anscer_controller/share/anscer_controller/package.xml
[0.335s] Invoked command in '/home/chaitanya/AnscerBot_ws/build/anscer_controller' returned '0': CMAKE_PREFIX_PATH=${CMAKE_PREFIX_PATH}:/home/chaitanya/autoware/install/autoware_carla_interface:/home/chaitanya/autoware/install/ad_api_visualizers:/ros2_ws/install/my_py_pkg:/opt/ros/humble /usr/bin/cmake --install /home/chaitanya/AnscerBot_ws/build/anscer_controller
