[0.087s] Invoking command in '/home/chaitanya/AnscerBot_ws/build/anscer_controller': CMAKE_PREFIX_PATH=${CMAKE_PREFIX_PATH}:/home/chaitanya/autoware/install/autoware_carla_interface:/home/chaitanya/autoware/install/ad_api_visualizers:/ros2_ws/install/my_py_pkg:/opt/ros/humble /usr/bin/cmake /home/chaitanya/AnscerBot_ws/src/anscer_controller -DCMAKE_INSTALL_PREFIX=/home/chaitanya/AnscerBot_ws/install/anscer_controller
[0.387s] -- The C compiler identification is GNU 11.4.0
[0.571s] -- The CXX compiler identification is GNU 11.4.0
[0.589s] -- Detecting C compiler ABI info
[0.853s] -- Detecting C compiler ABI info - done
[0.863s] -- Check for working C compiler: /usr/bin/cc - skipped
[0.863s] -- Detecting C compile features
[0.864s] -- Detecting C compile features - done
[0.868s] -- Detecting CXX compiler ABI info
[1.161s] -- Detecting CXX compiler ABI info - done
[1.170s] -- Check for working CXX compiler: /usr/bin/c++ - skipped
[1.170s] -- Detecting CXX compile features
[1.171s] -- Detecting CXX compile features - done
[1.211s] -- Found ament_cmake: 1.3.7 (/home/chaitanya/autoware/install/ament_cmake/share/ament_cmake/cmake)
[1.793s] -- Found Python3: /usr/bin/python3.10 (found version "3.10.12") found components: Interpreter 
[2.651s] -- Configuring done
[2.654s] -- Generating done
[2.656s] -- Build files have been written to: /home/chaitanya/AnscerBot_ws/build/anscer_controller
[2.661s] Invoked command in '/home/chaitanya/AnscerBot_ws/build/anscer_controller' returned '0': CMAKE_PREFIX_PATH=${CMAKE_PREFIX_PATH}:/home/chaitanya/autoware/install/autoware_carla_interface:/home/chaitanya/autoware/install/ad_api_visualizers:/ros2_ws/install/my_py_pkg:/opt/ros/humble /usr/bin/cmake /home/chaitanya/AnscerBot_ws/src/anscer_controller -DCMAKE_INSTALL_PREFIX=/home/chaitanya/AnscerBot_ws/install/anscer_controller
[2.664s] Invoking command in '/home/chaitanya/AnscerBot_ws/build/anscer_controller': CMAKE_PREFIX_PATH=${CMAKE_PREFIX_PATH}:/home/chaitanya/autoware/install/autoware_carla_interface:/home/chaitanya/autoware/install/ad_api_visualizers:/ros2_ws/install/my_py_pkg:/opt/ros/humble /usr/bin/cmake --build /home/chaitanya/AnscerBot_ws/build/anscer_controller -- -j8 -l8
[2.856s] Invoked command in '/home/chaitanya/AnscerBot_ws/build/anscer_controller' returned '0': CMAKE_PREFIX_PATH=${CMAKE_PREFIX_PATH}:/home/chaitanya/autoware/install/autoware_carla_interface:/home/chaitanya/autoware/install/ad_api_visualizers:/ros2_ws/install/my_py_pkg:/opt/ros/humble /usr/bin/cmake --build /home/chaitanya/AnscerBot_ws/build/anscer_controller -- -j8 -l8
[2.899s] Invoking command in '/home/chaitanya/AnscerBot_ws/build/anscer_controller': CMAKE_PREFIX_PATH=${CMAKE_PREFIX_PATH}:/home/chaitanya/autoware/install/autoware_carla_interface:/home/chaitanya/autoware/install/ad_api_visualizers:/ros2_ws/install/my_py_pkg:/opt/ros/humble /usr/bin/cmake --install /home/chaitanya/AnscerBot_ws/build/anscer_controller
[2.941s] -- Install configuration: ""
[2.941s] -- Installing: /home/chaitanya/AnscerBot_ws/install/anscer_controller/share/anscer_controller/launch
[2.941s] -- Installing: /home/chaitanya/AnscerBot_ws/install/anscer_controller/share/anscer_controller/launch/controller.launch.py
[2.942s] -- Installing: /home/chaitanya/AnscerBot_ws/install/anscer_controller/share/anscer_controller/config
[2.942s] -- Installing: /home/chaitanya/AnscerBot_ws/install/anscer_controller/share/anscer_controller/config/anscer_controllers.yaml
[2.942s] -- Installing: /home/chaitanya/AnscerBot_ws/install/anscer_controller/share/ament_index/resource_index/package_run_dependencies/anscer_controller
[2.943s] -- Installing: /home/chaitanya/AnscerBot_ws/install/anscer_controller/share/ament_index/resource_index/parent_prefix_path/anscer_controller
[2.943s] -- Installing: /home/chaitanya/AnscerBot_ws/install/anscer_controller/share/anscer_controller/environment/ament_prefix_path.sh
[2.943s] -- Installing: /home/chaitanya/AnscerBot_ws/install/anscer_controller/share/anscer_controller/environment/ament_prefix_path.dsv
[2.944s] -- Installing: /home/chaitanya/AnscerBot_ws/install/anscer_controller/share/anscer_controller/environment/path.sh
[2.944s] -- Installing: /home/chaitanya/AnscerBot_ws/install/anscer_controller/share/anscer_controller/environment/path.dsv
[2.944s] -- Installing: /home/chaitanya/AnscerBot_ws/install/anscer_controller/share/anscer_controller/local_setup.bash
[2.944s] -- Installing: /home/chaitanya/AnscerBot_ws/install/anscer_controller/share/anscer_controller/local_setup.sh
[2.944s] -- Installing: /home/chaitanya/AnscerBot_ws/install/anscer_controller/share/anscer_controller/local_setup.zsh
[2.945s] -- Installing: /home/chaitanya/AnscerBot_ws/install/anscer_controller/share/anscer_controller/local_setup.dsv
[2.945s] -- Installing: /home/chaitanya/AnscerBot_ws/install/anscer_controller/share/anscer_controller/package.dsv
[2.945s] -- Installing: /home/chaitanya/AnscerBot_ws/install/anscer_controller/share/ament_index/resource_index/packages/anscer_controller
[2.945s] -- Installing: /home/chaitanya/AnscerBot_ws/install/anscer_controller/share/anscer_controller/cmake/anscer_controllerConfig.cmake
[2.945s] -- Installing: /home/chaitanya/AnscerBot_ws/install/anscer_controller/share/anscer_controller/cmake/anscer_controllerConfig-version.cmake
[2.946s] -- Installing: /home/chaitanya/AnscerBot_ws/install/anscer_controller/share/anscer_controller/package.xml
[2.948s] Invoked command in '/home/chaitanya/AnscerBot_ws/build/anscer_controller' returned '0': CMAKE_PREFIX_PATH=${CMAKE_PREFIX_PATH}:/home/chaitanya/autoware/install/autoware_carla_interface:/home/chaitanya/autoware/install/ad_api_visualizers:/ros2_ws/install/my_py_pkg:/opt/ros/humble /usr/bin/cmake --install /home/chaitanya/AnscerBot_ws/build/anscer_controller
