[0.150s] DEBUG:colcon:Command line arguments: ['/usr/bin/colcon', 'build']
[0.150s] DEBUG:colcon:Parsed command line arguments: Namespace(log_base=None, log_level=None, verb_name='build', build_base='build', install_base='install', merge_install=False, symlink_install=False, test_result_base=None, continue_on_error=False, executor='parallel', parallel_workers=8, event_handlers=None, ignore_user_meta=False, metas=['./colcon.meta'], base_paths=['.'], packages_ignore=None, packages_ignore_regex=None, paths=None, packages_up_to=None, packages_up_to_regex=None, packages_above=None, packages_above_and_dependencies=None, packages_above_depth=None, packages_select_by_dep=None, packages_skip_by_dep=None, packages_skip_up_to=None, packages_select_build_failed=False, packages_skip_build_finished=False, packages_select_test_failures=False, packages_skip_test_passed=False, packages_select=None, packages_skip=None, packages_select_regex=None, packages_skip_regex=None, packages_start=None, packages_end=None, allow_overriding=[], cmake_args=None, cmake_target=None, cmake_target_skip_unavailable=False, cmake_clean_cache=False, cmake_clean_first=False, cmake_force_configure=False, ament_cmake_args=None, catkin_cmake_args=None, catkin_skip_building_tests=False, mixin_files=None, mixin=None, verb_parser=<colcon_mixin.mixin.mixin_argument.MixinArgumentDecorator object at 0x75d13e0ee050>, verb_extension=<colcon_core.verb.build.BuildVerb object at 0x75d13e0ed000>, main=<bound method BuildVerb.main of <colcon_core.verb.build.BuildVerb object at 0x75d13e0ed000>>, mixin_verb=('build',))
[0.399s] Level 1:colcon.colcon_core.package_discovery:discover_packages(colcon_meta) check parameters
[0.399s] Level 1:colcon.colcon_core.package_discovery:discover_packages(recursive) check parameters
[0.399s] Level 1:colcon.colcon_core.package_discovery:discover_packages(ignore) check parameters
[0.399s] Level 1:colcon.colcon_core.package_discovery:discover_packages(path) check parameters
[0.399s] Level 1:colcon.colcon_core.package_discovery:discover_packages(colcon_meta) discover
[0.399s] Level 1:colcon.colcon_core.package_discovery:discover_packages(recursive) discover
[0.399s] INFO:colcon.colcon_core.package_discovery:Crawling recursively for packages in '/home/chaitanya/AnscerBot_ws'
[0.399s] Level 1:colcon.colcon_core.package_identification:_identify(.) by extensions ['ignore', 'ignore_ament_install']
[0.399s] Level 1:colcon.colcon_core.package_identification:_identify(.) by extension 'ignore'
[0.399s] Level 1:colcon.colcon_core.package_identification:_identify(.) by extension 'ignore_ament_install'
[0.399s] Level 1:colcon.colcon_core.package_identification:_identify(.) by extensions ['colcon_pkg']
[0.400s] Level 1:colcon.colcon_core.package_identification:_identify(.) by extension 'colcon_pkg'
[0.400s] Level 1:colcon.colcon_core.package_identification:_identify(.) by extensions ['colcon_meta']
[0.400s] Level 1:colcon.colcon_core.package_identification:_identify(.) by extension 'colcon_meta'
[0.400s] Level 1:colcon.colcon_core.package_identification:_identify(.) by extensions ['ros']
[0.400s] Level 1:colcon.colcon_core.package_identification:_identify(.) by extension 'ros'
[0.410s] Level 1:colcon.colcon_core.package_identification:_identify(.) by extensions ['cmake', 'python']
[0.410s] Level 1:colcon.colcon_core.package_identification:_identify(.) by extension 'cmake'
[0.410s] Level 1:colcon.colcon_core.package_identification:_identify(.) by extension 'python'
[0.410s] Level 1:colcon.colcon_core.package_identification:_identify(.) by extensions ['python_setup_py']
[0.410s] Level 1:colcon.colcon_core.package_identification:_identify(.) by extension 'python_setup_py'
[0.411s] Level 1:colcon.colcon_core.package_identification:_identify(build) by extensions ['ignore', 'ignore_ament_install']
[0.411s] Level 1:colcon.colcon_core.package_identification:_identify(build) by extension 'ignore'
[0.411s] Level 1:colcon.colcon_core.package_identification:_identify(build) ignored
[0.411s] Level 1:colcon.colcon_core.package_identification:_identify(install) by extensions ['ignore', 'ignore_ament_install']
[0.411s] Level 1:colcon.colcon_core.package_identification:_identify(install) by extension 'ignore'
[0.411s] Level 1:colcon.colcon_core.package_identification:_identify(install) ignored
[0.411s] Level 1:colcon.colcon_core.package_identification:_identify(log) by extensions ['ignore', 'ignore_ament_install']
[0.411s] Level 1:colcon.colcon_core.package_identification:_identify(log) by extension 'ignore'
[0.411s] Level 1:colcon.colcon_core.package_identification:_identify(log) ignored
[0.411s] Level 1:colcon.colcon_core.package_identification:_identify(src) by extensions ['ignore', 'ignore_ament_install']
[0.411s] Level 1:colcon.colcon_core.package_identification:_identify(src) by extension 'ignore'
[0.411s] Level 1:colcon.colcon_core.package_identification:_identify(src) by extension 'ignore_ament_install'
[0.412s] Level 1:colcon.colcon_core.package_identification:_identify(src) by extensions ['colcon_pkg']
[0.412s] Level 1:colcon.colcon_core.package_identification:_identify(src) by extension 'colcon_pkg'
[0.412s] Level 1:colcon.colcon_core.package_identification:_identify(src) by extensions ['colcon_meta']
[0.412s] Level 1:colcon.colcon_core.package_identification:_identify(src) by extension 'colcon_meta'
[0.412s] Level 1:colcon.colcon_core.package_identification:_identify(src) by extensions ['ros']
[0.412s] Level 1:colcon.colcon_core.package_identification:_identify(src) by extension 'ros'
[0.412s] Level 1:colcon.colcon_core.package_identification:_identify(src) by extensions ['cmake', 'python']
[0.412s] Level 1:colcon.colcon_core.package_identification:_identify(src) by extension 'cmake'
[0.412s] Level 1:colcon.colcon_core.package_identification:_identify(src) by extension 'python'
[0.412s] Level 1:colcon.colcon_core.package_identification:_identify(src) by extensions ['python_setup_py']
[0.412s] Level 1:colcon.colcon_core.package_identification:_identify(src) by extension 'python_setup_py'
[0.412s] Level 1:colcon.colcon_core.package_identification:_identify(src/anscer_controller) by extensions ['ignore', 'ignore_ament_install']
[0.412s] Level 1:colcon.colcon_core.package_identification:_identify(src/anscer_controller) by extension 'ignore'
[0.412s] Level 1:colcon.colcon_core.package_identification:_identify(src/anscer_controller) by extension 'ignore_ament_install'
[0.412s] Level 1:colcon.colcon_core.package_identification:_identify(src/anscer_controller) by extensions ['colcon_pkg']
[0.412s] Level 1:colcon.colcon_core.package_identification:_identify(src/anscer_controller) by extension 'colcon_pkg'
[0.412s] Level 1:colcon.colcon_core.package_identification:_identify(src/anscer_controller) by extensions ['colcon_meta']
[0.412s] Level 1:colcon.colcon_core.package_identification:_identify(src/anscer_controller) by extension 'colcon_meta'
[0.412s] Level 1:colcon.colcon_core.package_identification:_identify(src/anscer_controller) by extensions ['ros']
[0.412s] Level 1:colcon.colcon_core.package_identification:_identify(src/anscer_controller) by extension 'ros'
[0.414s] DEBUG:colcon.colcon_core.package_identification:Package 'src/anscer_controller' with type 'ros.ament_cmake' and name 'anscer_controller'
[0.415s] Level 1:colcon.colcon_core.package_identification:_identify(src/anscer_description) by extensions ['ignore', 'ignore_ament_install']
[0.415s] Level 1:colcon.colcon_core.package_identification:_identify(src/anscer_description) by extension 'ignore'
[0.415s] Level 1:colcon.colcon_core.package_identification:_identify(src/anscer_description) by extension 'ignore_ament_install'
[0.415s] Level 1:colcon.colcon_core.package_identification:_identify(src/anscer_description) by extensions ['colcon_pkg']
[0.415s] Level 1:colcon.colcon_core.package_identification:_identify(src/anscer_description) by extension 'colcon_pkg'
[0.415s] Level 1:colcon.colcon_core.package_identification:_identify(src/anscer_description) by extensions ['colcon_meta']
[0.415s] Level 1:colcon.colcon_core.package_identification:_identify(src/anscer_description) by extension 'colcon_meta'
[0.415s] Level 1:colcon.colcon_core.package_identification:_identify(src/anscer_description) by extensions ['ros']
[0.415s] Level 1:colcon.colcon_core.package_identification:_identify(src/anscer_description) by extension 'ros'
[0.417s] DEBUG:colcon.colcon_core.package_identification:Package 'src/anscer_description' with type 'ros.ament_cmake' and name 'anscer_description'
[0.417s] Level 1:colcon.colcon_core.package_discovery:discover_packages(recursive) using defaults
[0.417s] Level 1:colcon.colcon_core.package_discovery:discover_packages(ignore) discover
[0.417s] Level 1:colcon.colcon_core.package_discovery:discover_packages(ignore) using defaults
[0.417s] Level 1:colcon.colcon_core.package_discovery:discover_packages(path) discover
[0.417s] Level 1:colcon.colcon_core.package_discovery:discover_packages(path) using defaults
[0.442s] Level 1:colcon.colcon_core.package_discovery:discover_packages(prefix_path) check parameters
[0.442s] Level 1:colcon.colcon_core.package_discovery:discover_packages(prefix_path) discover
[0.463s] DEBUG:colcon.colcon_installed_package_information.package_discovery:Found 5 installed packages in /home/chaitanya/oxts_ws/install
[0.464s] DEBUG:colcon.colcon_installed_package_information.package_discovery:Found 12 installed packages in /home/chaitanya/osm_ws/install
[0.464s] DEBUG:colcon.colcon_installed_package_information.package_discovery:Found 11 installed packages in /home/chaitanya/lanelet2_ws/install
[0.474s] DEBUG:colcon.colcon_installed_package_information.package_discovery:Found 370 installed packages in /home/chaitanya/autoware/install
[0.477s] DEBUG:colcon.colcon_installed_package_information.package_discovery:Found 1 installed packages in /ros2_ws/install
[0.479s] DEBUG:colcon.colcon_installed_package_information.package_discovery:Found 452 installed packages in /opt/ros/humble
[0.483s] Level 1:colcon.colcon_core.package_discovery:discover_packages(prefix_path) using defaults
[0.914s] Level 5:colcon.colcon_core.verb:set package 'anscer_controller' build argument 'cmake_args' from command line to 'None'
[0.915s] Level 5:colcon.colcon_core.verb:set package 'anscer_controller' build argument 'cmake_target' from command line to 'None'
[0.915s] Level 5:colcon.colcon_core.verb:set package 'anscer_controller' build argument 'cmake_target_skip_unavailable' from command line to 'False'
[0.915s] Level 5:colcon.colcon_core.verb:set package 'anscer_controller' build argument 'cmake_clean_cache' from command line to 'False'
[0.915s] Level 5:colcon.colcon_core.verb:set package 'anscer_controller' build argument 'cmake_clean_first' from command line to 'False'
[0.915s] Level 5:colcon.colcon_core.verb:set package 'anscer_controller' build argument 'cmake_force_configure' from command line to 'False'
[0.915s] Level 5:colcon.colcon_core.verb:set package 'anscer_controller' build argument 'ament_cmake_args' from command line to 'None'
[0.915s] Level 5:colcon.colcon_core.verb:set package 'anscer_controller' build argument 'catkin_cmake_args' from command line to 'None'
[0.915s] Level 5:colcon.colcon_core.verb:set package 'anscer_controller' build argument 'catkin_skip_building_tests' from command line to 'False'
[0.915s] DEBUG:colcon.colcon_core.verb:Building package 'anscer_controller' with the following arguments: {'ament_cmake_args': None, 'build_base': '/home/chaitanya/AnscerBot_ws/build/anscer_controller', 'catkin_cmake_args': None, 'catkin_skip_building_tests': False, 'cmake_args': None, 'cmake_clean_cache': False, 'cmake_clean_first': False, 'cmake_force_configure': False, 'cmake_target': None, 'cmake_target_skip_unavailable': False, 'install_base': '/home/chaitanya/AnscerBot_ws/install/anscer_controller', 'merge_install': False, 'path': '/home/chaitanya/AnscerBot_ws/src/anscer_controller', 'symlink_install': False, 'test_result_base': None}
[0.915s] Level 5:colcon.colcon_core.verb:set package 'anscer_description' build argument 'cmake_args' from command line to 'None'
[0.915s] Level 5:colcon.colcon_core.verb:set package 'anscer_description' build argument 'cmake_target' from command line to 'None'
[0.915s] Level 5:colcon.colcon_core.verb:set package 'anscer_description' build argument 'cmake_target_skip_unavailable' from command line to 'False'
[0.915s] Level 5:colcon.colcon_core.verb:set package 'anscer_description' build argument 'cmake_clean_cache' from command line to 'False'
[0.915s] Level 5:colcon.colcon_core.verb:set package 'anscer_description' build argument 'cmake_clean_first' from command line to 'False'
[0.915s] Level 5:colcon.colcon_core.verb:set package 'anscer_description' build argument 'cmake_force_configure' from command line to 'False'
[0.915s] Level 5:colcon.colcon_core.verb:set package 'anscer_description' build argument 'ament_cmake_args' from command line to 'None'
[0.915s] Level 5:colcon.colcon_core.verb:set package 'anscer_description' build argument 'catkin_cmake_args' from command line to 'None'
[0.915s] Level 5:colcon.colcon_core.verb:set package 'anscer_description' build argument 'catkin_skip_building_tests' from command line to 'False'
[0.915s] DEBUG:colcon.colcon_core.verb:Building package 'anscer_description' with the following arguments: {'ament_cmake_args': None, 'build_base': '/home/chaitanya/AnscerBot_ws/build/anscer_description', 'catkin_cmake_args': None, 'catkin_skip_building_tests': False, 'cmake_args': None, 'cmake_clean_cache': False, 'cmake_clean_first': False, 'cmake_force_configure': False, 'cmake_target': None, 'cmake_target_skip_unavailable': False, 'install_base': '/home/chaitanya/AnscerBot_ws/install/anscer_description', 'merge_install': False, 'path': '/home/chaitanya/AnscerBot_ws/src/anscer_description', 'symlink_install': False, 'test_result_base': None}
[0.915s] INFO:colcon.colcon_core.executor:Executing jobs using 'parallel' executor
[0.916s] DEBUG:colcon.colcon_parallel_executor.executor.parallel:run_until_complete
[0.917s] INFO:colcon.colcon_ros.task.ament_cmake.build:Building ROS package in '/home/chaitanya/AnscerBot_ws/src/anscer_controller' with build type 'ament_cmake'
[0.917s] INFO:colcon.colcon_cmake.task.cmake.build:Building CMake package in '/home/chaitanya/AnscerBot_ws/src/anscer_controller'
[0.922s] INFO:colcon.colcon_core.plugin_system:Skipping extension 'colcon_core.shell.bat': Not used on non-Windows systems
[0.922s] INFO:colcon.colcon_core.shell:Skip shell extension 'powershell' for command environment: Not usable outside of PowerShell
[0.922s] DEBUG:colcon.colcon_core.shell:Skip shell extension 'dsv' for command environment
[0.953s] INFO:colcon.colcon_ros.task.ament_cmake.build:Building ROS package in '/home/chaitanya/AnscerBot_ws/src/anscer_description' with build type 'ament_cmake'
[0.953s] INFO:colcon.colcon_cmake.task.cmake.build:Building CMake package in '/home/chaitanya/AnscerBot_ws/src/anscer_description'
[0.953s] INFO:colcon.colcon_core.shell:Skip shell extension 'powershell' for command environment: Not usable outside of PowerShell
[0.953s] DEBUG:colcon.colcon_core.shell:Skip shell extension 'dsv' for command environment
[0.990s] DEBUG:colcon.colcon_core.event_handler.log_command:Invoking command in '/home/chaitanya/AnscerBot_ws/build/anscer_controller': CMAKE_PREFIX_PATH=${CMAKE_PREFIX_PATH}:/home/chaitanya/autoware/install/autoware_carla_interface:/home/chaitanya/autoware/install/ad_api_visualizers:/ros2_ws/install/my_py_pkg:/opt/ros/humble /usr/bin/cmake --build /home/chaitanya/AnscerBot_ws/build/anscer_controller -- -j8 -l8
[1.007s] DEBUG:colcon.colcon_core.event_handler.log_command:Invoking command in '/home/chaitanya/AnscerBot_ws/build/anscer_description': CMAKE_PREFIX_PATH=${CMAKE_PREFIX_PATH}:/home/chaitanya/autoware/install/autoware_carla_interface:/home/chaitanya/autoware/install/ad_api_visualizers:/ros2_ws/install/my_py_pkg:/opt/ros/humble /usr/bin/cmake --build /home/chaitanya/AnscerBot_ws/build/anscer_description -- -j8 -l8
[1.168s] DEBUG:colcon.colcon_core.event_handler.log_command:Invoked command in '/home/chaitanya/AnscerBot_ws/build/anscer_controller' returned '0': CMAKE_PREFIX_PATH=${CMAKE_PREFIX_PATH}:/home/chaitanya/autoware/install/autoware_carla_interface:/home/chaitanya/autoware/install/ad_api_visualizers:/ros2_ws/install/my_py_pkg:/opt/ros/humble /usr/bin/cmake --build /home/chaitanya/AnscerBot_ws/build/anscer_controller -- -j8 -l8
[1.203s] DEBUG:colcon.colcon_core.event_handler.log_command:Invoking command in '/home/chaitanya/AnscerBot_ws/build/anscer_controller': CMAKE_PREFIX_PATH=${CMAKE_PREFIX_PATH}:/home/chaitanya/autoware/install/autoware_carla_interface:/home/chaitanya/autoware/install/ad_api_visualizers:/ros2_ws/install/my_py_pkg:/opt/ros/humble /usr/bin/cmake --install /home/chaitanya/AnscerBot_ws/build/anscer_controller
[1.204s] DEBUG:colcon.colcon_core.event_handler.log_command:Invoked command in '/home/chaitanya/AnscerBot_ws/build/anscer_description' returned '0': CMAKE_PREFIX_PATH=${CMAKE_PREFIX_PATH}:/home/chaitanya/autoware/install/autoware_carla_interface:/home/chaitanya/autoware/install/ad_api_visualizers:/ros2_ws/install/my_py_pkg:/opt/ros/humble /usr/bin/cmake --build /home/chaitanya/AnscerBot_ws/build/anscer_description -- -j8 -l8
[1.206s] DEBUG:colcon.colcon_core.event_handler.log_command:Invoking command in '/home/chaitanya/AnscerBot_ws/build/anscer_description': CMAKE_PREFIX_PATH=${CMAKE_PREFIX_PATH}:/home/chaitanya/autoware/install/autoware_carla_interface:/home/chaitanya/autoware/install/ad_api_visualizers:/ros2_ws/install/my_py_pkg:/opt/ros/humble /usr/bin/cmake --install /home/chaitanya/AnscerBot_ws/build/anscer_description
[1.241s] Level 1:colcon.colcon_core.environment:create_environment_scripts_only(anscer_controller)
[1.258s] DEBUG:colcon.colcon_core.event_handler.log_command:Invoked command in '/home/chaitanya/AnscerBot_ws/build/anscer_controller' returned '0': CMAKE_PREFIX_PATH=${CMAKE_PREFIX_PATH}:/home/chaitanya/autoware/install/autoware_carla_interface:/home/chaitanya/autoware/install/ad_api_visualizers:/ros2_ws/install/my_py_pkg:/opt/ros/humble /usr/bin/cmake --install /home/chaitanya/AnscerBot_ws/build/anscer_controller
[1.266s] Level 1:colcon.colcon_core.environment:checking '/home/chaitanya/AnscerBot_ws/install/anscer_controller' for CMake module files
[1.267s] Level 1:colcon.colcon_core.environment:checking '/home/chaitanya/AnscerBot_ws/install/anscer_controller' for CMake config files
[1.270s] Level 1:colcon.colcon_core.shell:create_environment_hook('anscer_controller', 'cmake_prefix_path')
[1.271s] INFO:colcon.colcon_core.shell:Creating environment hook '/home/chaitanya/AnscerBot_ws/install/anscer_controller/share/anscer_controller/hook/cmake_prefix_path.ps1'
[1.272s] INFO:colcon.colcon_core.shell:Creating environment descriptor '/home/chaitanya/AnscerBot_ws/install/anscer_controller/share/anscer_controller/hook/cmake_prefix_path.dsv'
[1.274s] INFO:colcon.colcon_core.shell:Creating environment hook '/home/chaitanya/AnscerBot_ws/install/anscer_controller/share/anscer_controller/hook/cmake_prefix_path.sh'
[1.277s] Level 1:colcon.colcon_core.environment:checking '/home/chaitanya/AnscerBot_ws/install/anscer_controller/bin'
[1.277s] Level 1:colcon.colcon_core.environment:checking '/home/chaitanya/AnscerBot_ws/install/anscer_controller/lib/pkgconfig/anscer_controller.pc'
[1.277s] Level 1:colcon.colcon_core.environment:checking '/home/chaitanya/AnscerBot_ws/install/anscer_controller/lib/python3.10/site-packages'
[1.277s] Level 1:colcon.colcon_core.environment:checking '/home/chaitanya/AnscerBot_ws/install/anscer_controller/bin'
[1.277s] INFO:colcon.colcon_core.shell:Creating package script '/home/chaitanya/AnscerBot_ws/install/anscer_controller/share/anscer_controller/package.ps1'
[1.279s] INFO:colcon.colcon_core.shell:Creating package descriptor '/home/chaitanya/AnscerBot_ws/install/anscer_controller/share/anscer_controller/package.dsv'
[1.281s] INFO:colcon.colcon_core.shell:Creating package script '/home/chaitanya/AnscerBot_ws/install/anscer_controller/share/anscer_controller/package.sh'
[1.282s] INFO:colcon.colcon_core.shell:Creating package script '/home/chaitanya/AnscerBot_ws/install/anscer_controller/share/anscer_controller/package.bash'
[1.284s] INFO:colcon.colcon_core.shell:Creating package script '/home/chaitanya/AnscerBot_ws/install/anscer_controller/share/anscer_controller/package.zsh'
[1.286s] Level 1:colcon.colcon_core.environment:create_file_with_runtime_dependencies(/home/chaitanya/AnscerBot_ws/install/anscer_controller/share/colcon-core/packages/anscer_controller)
[1.289s] Level 1:colcon.colcon_core.environment:create_environment_scripts_only(anscer_controller)
[1.289s] Level 1:colcon.colcon_core.environment:checking '/home/chaitanya/AnscerBot_ws/install/anscer_controller' for CMake module files
[1.290s] Level 1:colcon.colcon_core.environment:checking '/home/chaitanya/AnscerBot_ws/install/anscer_controller' for CMake config files
[1.294s] Level 1:colcon.colcon_core.shell:create_environment_hook('anscer_controller', 'cmake_prefix_path')
[1.294s] INFO:colcon.colcon_core.shell:Creating environment hook '/home/chaitanya/AnscerBot_ws/install/anscer_controller/share/anscer_controller/hook/cmake_prefix_path.ps1'
[1.296s] INFO:colcon.colcon_core.shell:Creating environment descriptor '/home/chaitanya/AnscerBot_ws/install/anscer_controller/share/anscer_controller/hook/cmake_prefix_path.dsv'
[1.297s] INFO:colcon.colcon_core.shell:Creating environment hook '/home/chaitanya/AnscerBot_ws/install/anscer_controller/share/anscer_controller/hook/cmake_prefix_path.sh'
[1.299s] Level 1:colcon.colcon_core.environment:checking '/home/chaitanya/AnscerBot_ws/install/anscer_controller/bin'
[1.299s] Level 1:colcon.colcon_core.environment:checking '/home/chaitanya/AnscerBot_ws/install/anscer_controller/lib/pkgconfig/anscer_controller.pc'
[1.299s] Level 1:colcon.colcon_core.environment:checking '/home/chaitanya/AnscerBot_ws/install/anscer_controller/lib/python3.10/site-packages'
[1.299s] Level 1:colcon.colcon_core.environment:checking '/home/chaitanya/AnscerBot_ws/install/anscer_controller/bin'
[1.300s] INFO:colcon.colcon_core.shell:Creating package script '/home/chaitanya/AnscerBot_ws/install/anscer_controller/share/anscer_controller/package.ps1'
[1.301s] INFO:colcon.colcon_core.shell:Creating package descriptor '/home/chaitanya/AnscerBot_ws/install/anscer_controller/share/anscer_controller/package.dsv'
[1.303s] INFO:colcon.colcon_core.shell:Creating package script '/home/chaitanya/AnscerBot_ws/install/anscer_controller/share/anscer_controller/package.sh'
[1.304s] INFO:colcon.colcon_core.shell:Creating package script '/home/chaitanya/AnscerBot_ws/install/anscer_controller/share/anscer_controller/package.bash'
[1.305s] INFO:colcon.colcon_core.shell:Creating package script '/home/chaitanya/AnscerBot_ws/install/anscer_controller/share/anscer_controller/package.zsh'
[1.306s] Level 1:colcon.colcon_core.environment:create_file_with_runtime_dependencies(/home/chaitanya/AnscerBot_ws/install/anscer_controller/share/colcon-core/packages/anscer_controller)
[1.308s] Level 1:colcon.colcon_core.environment:create_environment_scripts_only(anscer_description)
[1.308s] Level 1:colcon.colcon_core.environment:checking '/home/chaitanya/AnscerBot_ws/install/anscer_description' for CMake module files
[1.310s] Level 1:colcon.colcon_core.environment:checking '/home/chaitanya/AnscerBot_ws/install/anscer_description' for CMake config files
[1.321s] DEBUG:colcon.colcon_core.event_handler.log_command:Invoked command in '/home/chaitanya/AnscerBot_ws/build/anscer_description' returned '0': CMAKE_PREFIX_PATH=${CMAKE_PREFIX_PATH}:/home/chaitanya/autoware/install/autoware_carla_interface:/home/chaitanya/autoware/install/ad_api_visualizers:/ros2_ws/install/my_py_pkg:/opt/ros/humble /usr/bin/cmake --install /home/chaitanya/AnscerBot_ws/build/anscer_description
[1.326s] Level 1:colcon.colcon_core.shell:create_environment_hook('anscer_description', 'cmake_prefix_path')
[1.326s] INFO:colcon.colcon_core.shell:Creating environment hook '/home/chaitanya/AnscerBot_ws/install/anscer_description/share/anscer_description/hook/cmake_prefix_path.ps1'
[1.327s] INFO:colcon.colcon_core.shell:Creating environment descriptor '/home/chaitanya/AnscerBot_ws/install/anscer_description/share/anscer_description/hook/cmake_prefix_path.dsv'
[1.327s] INFO:colcon.colcon_core.shell:Creating environment hook '/home/chaitanya/AnscerBot_ws/install/anscer_description/share/anscer_description/hook/cmake_prefix_path.sh'
[1.328s] Level 1:colcon.colcon_core.environment:checking '/home/chaitanya/AnscerBot_ws/install/anscer_description/bin'
[1.328s] Level 1:colcon.colcon_core.environment:checking '/home/chaitanya/AnscerBot_ws/install/anscer_description/lib/pkgconfig/anscer_description.pc'
[1.328s] Level 1:colcon.colcon_core.environment:checking '/home/chaitanya/AnscerBot_ws/install/anscer_description/lib/python3.10/site-packages'
[1.328s] Level 1:colcon.colcon_core.environment:checking '/home/chaitanya/AnscerBot_ws/install/anscer_description/bin'
[1.328s] INFO:colcon.colcon_core.shell:Creating package script '/home/chaitanya/AnscerBot_ws/install/anscer_description/share/anscer_description/package.ps1'
[1.329s] INFO:colcon.colcon_core.shell:Creating package descriptor '/home/chaitanya/AnscerBot_ws/install/anscer_description/share/anscer_description/package.dsv'
[1.329s] INFO:colcon.colcon_core.shell:Creating package script '/home/chaitanya/AnscerBot_ws/install/anscer_description/share/anscer_description/package.sh'
[1.330s] INFO:colcon.colcon_core.shell:Creating package script '/home/chaitanya/AnscerBot_ws/install/anscer_description/share/anscer_description/package.bash'
[1.330s] INFO:colcon.colcon_core.shell:Creating package script '/home/chaitanya/AnscerBot_ws/install/anscer_description/share/anscer_description/package.zsh'
[1.330s] Level 1:colcon.colcon_core.environment:create_file_with_runtime_dependencies(/home/chaitanya/AnscerBot_ws/install/anscer_description/share/colcon-core/packages/anscer_description)
[1.331s] Level 1:colcon.colcon_core.environment:create_environment_scripts_only(anscer_description)
[1.331s] Level 1:colcon.colcon_core.environment:checking '/home/chaitanya/AnscerBot_ws/install/anscer_description' for CMake module files
[1.331s] Level 1:colcon.colcon_core.environment:checking '/home/chaitanya/AnscerBot_ws/install/anscer_description' for CMake config files
[1.336s] Level 1:colcon.colcon_core.shell:create_environment_hook('anscer_description', 'cmake_prefix_path')
[1.337s] INFO:colcon.colcon_core.shell:Creating environment hook '/home/chaitanya/AnscerBot_ws/install/anscer_description/share/anscer_description/hook/cmake_prefix_path.ps1'
[1.337s] INFO:colcon.colcon_core.shell:Creating environment descriptor '/home/chaitanya/AnscerBot_ws/install/anscer_description/share/anscer_description/hook/cmake_prefix_path.dsv'
[1.337s] INFO:colcon.colcon_core.shell:Creating environment hook '/home/chaitanya/AnscerBot_ws/install/anscer_description/share/anscer_description/hook/cmake_prefix_path.sh'
[1.338s] Level 1:colcon.colcon_core.environment:checking '/home/chaitanya/AnscerBot_ws/install/anscer_description/bin'
[1.338s] Level 1:colcon.colcon_core.environment:checking '/home/chaitanya/AnscerBot_ws/install/anscer_description/lib/pkgconfig/anscer_description.pc'
[1.338s] Level 1:colcon.colcon_core.environment:checking '/home/chaitanya/AnscerBot_ws/install/anscer_description/lib/python3.10/site-packages'
[1.338s] Level 1:colcon.colcon_core.environment:checking '/home/chaitanya/AnscerBot_ws/install/anscer_description/bin'
[1.338s] INFO:colcon.colcon_core.shell:Creating package script '/home/chaitanya/AnscerBot_ws/install/anscer_description/share/anscer_description/package.ps1'
[1.339s] INFO:colcon.colcon_core.shell:Creating package descriptor '/home/chaitanya/AnscerBot_ws/install/anscer_description/share/anscer_description/package.dsv'
[1.339s] INFO:colcon.colcon_core.shell:Creating package script '/home/chaitanya/AnscerBot_ws/install/anscer_description/share/anscer_description/package.sh'
[1.340s] INFO:colcon.colcon_core.shell:Creating package script '/home/chaitanya/AnscerBot_ws/install/anscer_description/share/anscer_description/package.bash'
[1.340s] INFO:colcon.colcon_core.shell:Creating package script '/home/chaitanya/AnscerBot_ws/install/anscer_description/share/anscer_description/package.zsh'
[1.340s] Level 1:colcon.colcon_core.environment:create_file_with_runtime_dependencies(/home/chaitanya/AnscerBot_ws/install/anscer_description/share/colcon-core/packages/anscer_description)
[1.341s] DEBUG:colcon.colcon_parallel_executor.executor.parallel:closing loop
[1.341s] DEBUG:colcon.colcon_parallel_executor.executor.parallel:loop closed
[1.341s] DEBUG:colcon.colcon_parallel_executor.executor.parallel:run_until_complete finished with '0'
[1.341s] DEBUG:colcon.colcon_core.event_reactor:joining thread
[1.357s] INFO:colcon.colcon_core.plugin_system:Skipping extension 'colcon_notification.desktop_notification.terminal_notifier': Not used on non-Darwin systems
[1.358s] INFO:colcon.colcon_core.plugin_system:Skipping extension 'colcon_notification.desktop_notification.win32': Not used on non-Windows systems
[1.358s] INFO:colcon.colcon_notification.desktop_notification:Sending desktop notification using 'notify2'
[1.371s] DEBUG:colcon.colcon_core.event_reactor:joined thread
[1.372s] INFO:colcon.colcon_core.shell:Creating prefix script '/home/chaitanya/AnscerBot_ws/install/local_setup.ps1'
[1.374s] INFO:colcon.colcon_core.shell:Creating prefix util module '/home/chaitanya/AnscerBot_ws/install/_local_setup_util_ps1.py'
[1.380s] INFO:colcon.colcon_core.shell:Creating prefix chain script '/home/chaitanya/AnscerBot_ws/install/setup.ps1'
[1.398s] INFO:colcon.colcon_core.shell:Creating prefix script '/home/chaitanya/AnscerBot_ws/install/local_setup.sh'
[1.399s] INFO:colcon.colcon_core.shell:Creating prefix util module '/home/chaitanya/AnscerBot_ws/install/_local_setup_util_sh.py'
[1.400s] INFO:colcon.colcon_core.shell:Creating prefix chain script '/home/chaitanya/AnscerBot_ws/install/setup.sh'
[1.416s] INFO:colcon.colcon_core.shell:Creating prefix script '/home/chaitanya/AnscerBot_ws/install/local_setup.bash'
[1.417s] INFO:colcon.colcon_core.shell:Creating prefix chain script '/home/chaitanya/AnscerBot_ws/install/setup.bash'
[1.433s] INFO:colcon.colcon_core.shell:Creating prefix script '/home/chaitanya/AnscerBot_ws/install/local_setup.zsh'
[1.434s] INFO:colcon.colcon_core.shell:Creating prefix chain script '/home/chaitanya/AnscerBot_ws/install/setup.zsh'
